mode: set
github.com/tokendancelab/metapi-go/auth/admin.go:29.68,34.46 2 1
github.com/tokendancelab/metapi-go/auth/admin.go:34.46,35.72 1 1
github.com/tokendancelab/metapi-go/auth/admin.go:35.72,37.36 1 1
github.com/tokendancelab/metapi-go/auth/admin.go:37.36,40.5 2 1
github.com/tokendancelab/metapi-go/auth/admin.go:43.4,44.47 2 1
github.com/tokendancelab/metapi-go/auth/admin.go:44.47,47.5 2 1
github.com/tokendancelab/metapi-go/auth/admin.go:50.4,51.18 2 1
github.com/tokendancelab/metapi-go/auth/admin.go:51.18,54.5 2 1
github.com/tokendancelab/metapi-go/auth/admin.go:58.4,59.30 2 1
github.com/tokendancelab/metapi-go/auth/admin.go:59.30,62.5 2 1
github.com/tokendancelab/metapi-go/auth/admin.go:65.4,66.24 2 1
github.com/tokendancelab/metapi-go/auth/admin.go:73.44,74.38 1 1
github.com/tokendancelab/metapi-go/auth/admin.go:74.38,76.3 1 1
github.com/tokendancelab/metapi-go/auth/admin.go:77.2,77.56 1 1
github.com/tokendancelab/metapi-go/auth/admin.go:77.56,79.3 1 1
github.com/tokendancelab/metapi-go/auth/admin.go:80.2,80.14 1 1
github.com/tokendancelab/metapi-go/auth/admin.go:94.46,104.57 1 1
github.com/tokendancelab/metapi-go/auth/admin.go:104.57,106.16 2 1
github.com/tokendancelab/metapi-go/auth/admin.go:106.16,107.52 1 1
github.com/tokendancelab/metapi-go/auth/admin.go:107.52,109.5 1 1
github.com/tokendancelab/metapi-go/auth/admin.go:110.4,111.16 2 1
github.com/tokendancelab/metapi-go/auth/admin.go:111.16,113.5 1 1
github.com/tokendancelab/metapi-go/auth/admin.go:116.2,116.45 1 1
github.com/tokendancelab/metapi-go/auth/admin.go:122.36,124.34 1 1
github.com/tokendancelab/metapi-go/auth/admin.go:124.34,125.52 1 1
github.com/tokendancelab/metapi-go/auth/admin.go:125.52,127.4 1 1
github.com/tokendancelab/metapi-go/auth/admin.go:128.3,128.14 1 0
github.com/tokendancelab/metapi-go/auth/admin.go:131.2,131.55 1 1
github.com/tokendancelab/metapi-go/auth/admin.go:131.55,133.3 1 1
github.com/tokendancelab/metapi-go/auth/admin.go:134.2,134.13 1 1
github.com/tokendancelab/metapi-go/auth/admin.go:143.37,145.14 2 1
github.com/tokendancelab/metapi-go/auth/admin.go:145.14,147.3 1 1
github.com/tokendancelab/metapi-go/auth/admin.go:148.2,148.38 1 1
github.com/tokendancelab/metapi-go/auth/admin.go:148.38,150.3 1 1
github.com/tokendancelab/metapi-go/auth/admin.go:151.2,151.17 1 1
github.com/tokendancelab/metapi-go/auth/admin.go:151.17,153.3 1 1
github.com/tokendancelab/metapi-go/auth/admin.go:154.2,154.11 1 1
github.com/tokendancelab/metapi-go/auth/admin.go:170.62,172.30 2 1
github.com/tokendancelab/metapi-go/auth/admin.go:172.30,174.18 2 1
github.com/tokendancelab/metapi-go/auth/admin.go:174.18,175.12 1 1
github.com/tokendancelab/metapi-go/auth/admin.go:178.3,179.19 2 1
github.com/tokendancelab/metapi-go/auth/admin.go:179.19,182.24 2 1
github.com/tokendancelab/metapi-go/auth/admin.go:182.24,183.13 1 0
github.com/tokendancelab/metapi-go/auth/admin.go:186.4,186.57 1 1
github.com/tokendancelab/metapi-go/auth/admin.go:186.57,187.13 1 1
github.com/tokendancelab/metapi-go/auth/admin.go:189.4,193.12 2 1
github.com/tokendancelab/metapi-go/auth/admin.go:198.3,198.54 1 1
github.com/tokendancelab/metapi-go/auth/admin.go:198.54,199.12 1 1
github.com/tokendancelab/metapi-go/auth/admin.go:202.3,207.32 4 1
github.com/tokendancelab/metapi-go/auth/admin.go:207.32,208.12 1 1
github.com/tokendancelab/metapi-go/auth/admin.go:212.3,213.17 2 1
github.com/tokendancelab/metapi-go/auth/admin.go:213.17,214.12 1 0
github.com/tokendancelab/metapi-go/auth/admin.go:218.3,218.27 1 1
github.com/tokendancelab/metapi-go/auth/admin.go:218.27,219.12 1 0
github.com/tokendancelab/metapi-go/auth/admin.go:222.3,225.5 1 1
github.com/tokendancelab/metapi-go/auth/admin.go:227.2,227.15 1 1
github.com/tokendancelab/metapi-go/auth/admin.go:236.74,237.25 1 1
github.com/tokendancelab/metapi-go/auth/admin.go:237.25,239.3 1 1
github.com/tokendancelab/metapi-go/auth/admin.go:241.2,242.22 2 1
github.com/tokendancelab/metapi-go/auth/admin.go:242.22,244.3 1 1
github.com/tokendancelab/metapi-go/auth/admin.go:246.2,249.34 3 1
github.com/tokendancelab/metapi-go/auth/admin.go:249.34,250.21 1 1
github.com/tokendancelab/metapi-go/auth/admin.go:251.16,252.35 1 1
github.com/tokendancelab/metapi-go/auth/admin.go:252.35,254.5 1 1
github.com/tokendancelab/metapi-go/auth/admin.go:255.15,257.42 1 1
github.com/tokendancelab/metapi-go/auth/admin.go:257.42,258.13 1 1
github.com/tokendancelab/metapi-go/auth/admin.go:260.4,260.45 1 1
github.com/tokendancelab/metapi-go/auth/admin.go:260.45,262.5 1 1
github.com/tokendancelab/metapi-go/auth/admin.go:265.2,265.14 1 1
github.com/tokendancelab/metapi-go/auth/admin.go:276.42,278.2 1 1
github.com/tokendancelab/metapi-go/auth/admin.go:280.65,284.2 3 1
github.com/tokendancelab/metapi-go/auth/context.go:47.72,48.17 1 1
github.com/tokendancelab/metapi-go/auth/context.go:48.17,50.3 1 1
github.com/tokendancelab/metapi-go/auth/context.go:51.2,51.30 1 1
github.com/tokendancelab/metapi-go/auth/context.go:51.30,53.24 2 1
github.com/tokendancelab/metapi-go/auth/context.go:53.24,55.4 1 1
github.com/tokendancelab/metapi-go/auth/context.go:55.9,57.4 1 1
github.com/tokendancelab/metapi-go/auth/context.go:58.3,61.4 1 1
github.com/tokendancelab/metapi-go/auth/context.go:63.2,66.3 1 1
github.com/tokendancelab/metapi-go/auth/context.go:71.34,72.12 1 1
github.com/tokendancelab/metapi-go/auth/context.go:72.12,74.3 1 1
github.com/tokendancelab/metapi-go/auth/context.go:75.2,76.11 2 1
github.com/tokendancelab/metapi-go/auth/context.go:76.11,79.3 2 1
github.com/tokendancelab/metapi-go/auth/context.go:80.2,82.12 3 1
github.com/tokendancelab/metapi-go/auth/context.go:82.12,86.3 3 1
github.com/tokendancelab/metapi-go/auth/context.go:87.2,87.9 1 1
github.com/tokendancelab/metapi-go/auth/context.go:87.9,90.3 2 1
github.com/tokendancelab/metapi-go/auth/context.go:91.2,91.24 1 1
github.com/tokendancelab/metapi-go/auth/context.go:99.57,101.2 1 1
github.com/tokendancelab/metapi-go/auth/context.go:104.40,107.2 2 1
github.com/tokendancelab/metapi-go/auth/context.go:111.58,113.2 1 1
github.com/tokendancelab/metapi-go/auth/context.go:120.80,122.2 1 1
github.com/tokendancelab/metapi-go/auth/context.go:126.58,128.9 2 1
github.com/tokendancelab/metapi-go/auth/context.go:128.9,130.3 1 1
github.com/tokendancelab/metapi-go/auth/context.go:131.2,131.10 1 1
github.com/tokendancelab/metapi-go/auth/context.go:136.81,138.2 1 1
github.com/tokendancelab/metapi-go/auth/downstream.go:68.91,70.22 2 1
github.com/tokendancelab/metapi-go/auth/downstream.go:70.22,77.3 1 1
github.com/tokendancelab/metapi-go/auth/downstream.go:80.2,81.16 2 1
github.com/tokendancelab/metapi-go/auth/downstream.go:81.16,89.3 2 0
github.com/tokendancelab/metapi-go/auth/downstream.go:91.2,91.20 1 1
github.com/tokendancelab/metapi-go/auth/downstream.go:91.20,93.23 1 1
github.com/tokendancelab/metapi-go/auth/downstream.go:93.23,100.4 1 1
github.com/tokendancelab/metapi-go/auth/downstream.go:103.3,103.31 1 1
github.com/tokendancelab/metapi-go/auth/downstream.go:103.31,105.55 2 1
github.com/tokendancelab/metapi-go/auth/downstream.go:105.55,112.5 1 1
github.com/tokendancelab/metapi-go/auth/downstream.go:116.3,116.69 1 1
github.com/tokendancelab/metapi-go/auth/downstream.go:116.69,123.4 1 1
github.com/tokendancelab/metapi-go/auth/downstream.go:126.3,126.81 1 1
github.com/tokendancelab/metapi-go/auth/downstream.go:126.81,133.4 1 1
github.com/tokendancelab/metapi-go/auth/downstream.go:136.3,144.4 2 1
github.com/tokendancelab/metapi-go/auth/downstream.go:148.2,148.34 1 1
github.com/tokendancelab/metapi-go/auth/downstream.go:148.34,156.3 1 1
github.com/tokendancelab/metapi-go/auth/downstream.go:159.2,164.3 1 1
github.com/tokendancelab/metapi-go/auth/downstream.go:173.66,175.15 2 1
github.com/tokendancelab/metapi-go/auth/downstream.go:175.15,177.3 1 0
github.com/tokendancelab/metapi-go/auth/downstream.go:179.2,201.16 7 1
github.com/tokendancelab/metapi-go/auth/downstream.go:201.16,203.20 1 1
github.com/tokendancelab/metapi-go/auth/downstream.go:203.20,205.4 1 1
github.com/tokendancelab/metapi-go/auth/downstream.go:206.3,206.63 1 0
github.com/tokendancelab/metapi-go/auth/downstream.go:210.2,216.16 6 1
github.com/tokendancelab/metapi-go/auth/downstream.go:231.44,233.15 2 1
github.com/tokendancelab/metapi-go/auth/downstream.go:233.15,236.3 2 0
github.com/tokendancelab/metapi-go/auth/downstream.go:238.2,247.16 3 1
github.com/tokendancelab/metapi-go/auth/downstream.go:247.16,250.3 1 0
github.com/tokendancelab/metapi-go/auth/downstream.go:263.68,264.85 1 1
github.com/tokendancelab/metapi-go/auth/downstream.go:264.85,266.3 1 1
github.com/tokendancelab/metapi-go/auth/downstream.go:268.2,269.15 2 1
github.com/tokendancelab/metapi-go/auth/downstream.go:269.15,272.3 2 0
github.com/tokendancelab/metapi-go/auth/downstream.go:274.2,283.16 3 1
github.com/tokendancelab/metapi-go/auth/downstream.go:283.16,286.3 1 0
github.com/tokendancelab/metapi-go/auth/downstream.go:296.66,305.2 1 1
github.com/tokendancelab/metapi-go/auth/downstream.go:313.45,314.48 1 1
github.com/tokendancelab/metapi-go/auth/downstream.go:314.48,316.3 1 1
github.com/tokendancelab/metapi-go/auth/downstream.go:317.2,318.59 2 1
github.com/tokendancelab/metapi-go/auth/downstream.go:318.59,320.3 1 1
github.com/tokendancelab/metapi-go/auth/downstream.go:321.2,321.12 1 1
github.com/tokendancelab/metapi-go/auth/downstream.go:326.43,327.48 1 1
github.com/tokendancelab/metapi-go/auth/downstream.go:327.48,329.3 1 1
github.com/tokendancelab/metapi-go/auth/downstream.go:330.2,331.59 2 1
github.com/tokendancelab/metapi-go/auth/downstream.go:331.59,334.65 2 0
github.com/tokendancelab/metapi-go/auth/downstream.go:334.65,336.4 1 0
github.com/tokendancelab/metapi-go/auth/downstream.go:337.3,337.16 1 0
github.com/tokendancelab/metapi-go/auth/downstream.go:339.2,340.24 2 1
github.com/tokendancelab/metapi-go/auth/downstream.go:340.24,342.17 2 1
github.com/tokendancelab/metapi-go/auth/downstream.go:342.17,343.12 1 0
github.com/tokendancelab/metapi-go/auth/downstream.go:345.3,345.29 1 1
github.com/tokendancelab/metapi-go/auth/downstream.go:347.2,347.15 1 1
github.com/tokendancelab/metapi-go/auth/downstream.go:352.64,353.48 1 1
github.com/tokendancelab/metapi-go/auth/downstream.go:353.48,355.3 1 0
github.com/tokendancelab/metapi-go/auth/downstream.go:356.2,357.62 2 1
github.com/tokendancelab/metapi-go/auth/downstream.go:357.62,360.67 2 0
github.com/tokendancelab/metapi-go/auth/downstream.go:360.67,362.4 1 0
github.com/tokendancelab/metapi-go/auth/downstream.go:363.3,363.18 1 0
github.com/tokendancelab/metapi-go/auth/downstream.go:365.2,366.27 2 1
github.com/tokendancelab/metapi-go/auth/downstream.go:366.27,368.17 2 1
github.com/tokendancelab/metapi-go/auth/downstream.go:368.17,369.12 1 0
github.com/tokendancelab/metapi-go/auth/downstream.go:371.3,372.17 2 1
github.com/tokendancelab/metapi-go/auth/downstream.go:372.17,373.12 1 0
github.com/tokendancelab/metapi-go/auth/downstream.go:375.3,375.30 1 1
github.com/tokendancelab/metapi-go/auth/downstream.go:377.2,377.15 1 1
github.com/tokendancelab/metapi-go/auth/downstream.go:382.71,383.48 1 1
github.com/tokendancelab/metapi-go/auth/downstream.go:383.48,385.3 1 0
github.com/tokendancelab/metapi-go/auth/downstream.go:386.2,387.60 2 1
github.com/tokendancelab/metapi-go/auth/downstream.go:387.60,389.3 1 0
github.com/tokendancelab/metapi-go/auth/downstream.go:390.2,390.13 1 1
github.com/tokendancelab/metapi-go/auth/downstream.go:397.48,398.14 1 1
github.com/tokendancelab/metapi-go/auth/downstream.go:398.14,400.3 1 1
github.com/tokendancelab/metapi-go/auth/downstream.go:401.2,401.10 1 1
github.com/tokendancelab/metapi-go/auth/downstream.go:404.45,405.14 1 1
github.com/tokendancelab/metapi-go/auth/downstream.go:405.14,407.3 1 1
github.com/tokendancelab/metapi-go/auth/downstream.go:408.2,408.10 1 1
github.com/tokendancelab/metapi-go/auth/downstream.go:411.68,412.14 1 1
github.com/tokendancelab/metapi-go/auth/downstream.go:412.14,414.3 1 1
github.com/tokendancelab/metapi-go/auth/downstream.go:415.2,415.10 1 1
github.com/tokendancelab/metapi-go/auth/downstream.go:418.79,419.14 1 1
github.com/tokendancelab/metapi-go/auth/downstream.go:419.14,421.3 1 1
github.com/tokendancelab/metapi-go/auth/downstream.go:422.2,422.10 1 1
github.com/tokendancelab/metapi-go/auth/downstream.go:431.48,433.16 2 1
github.com/tokendancelab/metapi-go/auth/downstream.go:433.16,435.3 1 1
github.com/tokendancelab/metapi-go/auth/downstream.go:436.2,437.16 2 1
github.com/tokendancelab/metapi-go/auth/downstream.go:437.16,439.3 1 0
github.com/tokendancelab/metapi-go/auth/downstream.go:441.2,447.33 2 1
github.com/tokendancelab/metapi-go/auth/downstream.go:447.33,449.17 2 1
github.com/tokendancelab/metapi-go/auth/downstream.go:449.17,451.4 1 1
github.com/tokendancelab/metapi-go/auth/downstream.go:453.2,453.64 1 1
github.com/tokendancelab/metapi-go/auth/downstream.go:457.31,458.16 1 1
github.com/tokendancelab/metapi-go/auth/downstream.go:458.16,460.3 1 1
github.com/tokendancelab/metapi-go/auth/downstream.go:461.2,463.40 2 1
github.com/tokendancelab/metapi-go/auth/proxy.go:31.68,32.46 1 1
github.com/tokendancelab/metapi-go/auth/proxy.go:32.46,33.72 1 1
github.com/tokendancelab/metapi-go/auth/proxy.go:33.72,37.19 2 1
github.com/tokendancelab/metapi-go/auth/proxy.go:37.19,42.5 2 1
github.com/tokendancelab/metapi-go/auth/proxy.go:45.4,47.18 2 1
github.com/tokendancelab/metapi-go/auth/proxy.go:47.18,50.5 2 1
github.com/tokendancelab/metapi-go/auth/proxy.go:53.4,53.55 1 1
github.com/tokendancelab/metapi-go/auth/proxy.go:53.55,55.5 1 1
github.com/tokendancelab/metapi-go/auth/proxy.go:58.4,63.25 2 1
github.com/tokendancelab/metapi-go/auth/proxy.go:63.25,66.5 2 1
github.com/tokendancelab/metapi-go/auth/proxy.go:66.10,68.5 1 1
github.com/tokendancelab/metapi-go/auth/proxy.go:70.4,71.24 2 1
github.com/tokendancelab/metapi-go/auth/proxy.go:86.48,92.16 2 1
github.com/tokendancelab/metapi-go/auth/proxy.go:92.16,96.3 2 1
github.com/tokendancelab/metapi-go/auth/proxy.go:99.2,99.74 1 1
github.com/tokendancelab/metapi-go/auth/proxy.go:99.74,101.3 1 1
github.com/tokendancelab/metapi-go/auth/proxy.go:102.2,102.81 1 1
github.com/tokendancelab/metapi-go/auth/proxy.go:102.81,104.3 1 1
github.com/tokendancelab/metapi-go/auth/proxy.go:105.2,105.77 1 1
github.com/tokendancelab/metapi-go/auth/proxy.go:105.77,107.3 1 1
github.com/tokendancelab/metapi-go/auth/proxy.go:109.2,109.11 1 1
github.com/tokendancelab/metapi-go/handler/proxy/chat.go:9.68,16.20 2 1
github.com/tokendancelab/metapi-go/handler/proxy/chat.go:16.20,19.3 2 1
github.com/tokendancelab/metapi-go/handler/proxy/chat.go:21.2,21.37 1 1
github.com/tokendancelab/metapi-go/handler/proxy/chat.go:26.81,28.2 1 1
github.com/tokendancelab/metapi-go/handler/proxy/client_detect.go:9.116,11.2 1 1
github.com/tokendancelab/metapi-go/handler/proxy/client_detect.go:14.74,16.28 2 1
github.com/tokendancelab/metapi-go/handler/proxy/client_detect.go:16.28,17.17 1 1
github.com/tokendancelab/metapi-go/handler/proxy/client_detect.go:17.17,19.4 1 1
github.com/tokendancelab/metapi-go/handler/proxy/client_detect.go:21.2,21.15 1 1
github.com/tokendancelab/metapi-go/handler/proxy/completions.go:8.64,14.20 2 1
github.com/tokendancelab/metapi-go/handler/proxy/completions.go:14.20,17.3 2 1
github.com/tokendancelab/metapi-go/handler/proxy/completions.go:19.2,19.29 1 1
github.com/tokendancelab/metapi-go/handler/proxy/embeddings.go:8.63,14.20 2 1
github.com/tokendancelab/metapi-go/handler/proxy/embeddings.go:14.20,17.3 2 1
github.com/tokendancelab/metapi-go/handler/proxy/embeddings.go:19.2,19.18 1 1
github.com/tokendancelab/metapi-go/handler/proxy/embeddings.go:19.18,22.3 2 1
github.com/tokendancelab/metapi-go/handler/proxy/embeddings.go:24.2,24.29 1 1
github.com/tokendancelab/metapi-go/handler/proxy/files.go:11.40,17.2 5 1
github.com/tokendancelab/metapi-go/handler/proxy/files.go:20.64,22.2 1 1
github.com/tokendancelab/metapi-go/handler/proxy/files.go:25.66,27.2 1 1
github.com/tokendancelab/metapi-go/handler/proxy/files.go:30.62,32.2 1 1
github.com/tokendancelab/metapi-go/handler/proxy/files.go:35.62,40.2 1 1
github.com/tokendancelab/metapi-go/handler/proxy/files.go:43.64,45.2 1 1
github.com/tokendancelab/metapi-go/handler/proxy/gemini.go:12.41,25.2 7 1
github.com/tokendancelab/metapi-go/handler/proxy/gemini.go:28.69,30.20 2 1
github.com/tokendancelab/metapi-go/handler/proxy/gemini.go:30.20,33.3 2 1
github.com/tokendancelab/metapi-go/handler/proxy/gemini.go:35.2,54.29 3 1
github.com/tokendancelab/metapi-go/handler/proxy/gemini.go:58.76,61.22 2 1
github.com/tokendancelab/metapi-go/handler/proxy/gemini.go:61.22,63.3 1 0
github.com/tokendancelab/metapi-go/handler/proxy/gemini.go:64.2,65.30 2 1
github.com/tokendancelab/metapi-go/handler/proxy/gemini.go:70.74,76.20 2 1
github.com/tokendancelab/metapi-go/handler/proxy/gemini.go:76.20,79.3 2 1
github.com/tokendancelab/metapi-go/handler/proxy/gemini.go:81.2,81.29 1 1
github.com/tokendancelab/metapi-go/handler/proxy/gemini.go:85.81,87.22 2 1
github.com/tokendancelab/metapi-go/handler/proxy/gemini.go:87.22,89.3 1 0
github.com/tokendancelab/metapi-go/handler/proxy/gemini.go:90.2,91.35 2 1
github.com/tokendancelab/metapi-go/handler/proxy/gemini.go:96.77,102.20 2 1
github.com/tokendancelab/metapi-go/handler/proxy/gemini.go:102.20,105.3 2 1
github.com/tokendancelab/metapi-go/handler/proxy/gemini.go:107.2,107.29 1 1
github.com/tokendancelab/metapi-go/handler/proxy/gemini.go:111.83,117.20 2 1
github.com/tokendancelab/metapi-go/handler/proxy/gemini.go:117.20,120.3 2 0
github.com/tokendancelab/metapi-go/handler/proxy/gemini.go:122.2,122.29 1 1
github.com/tokendancelab/metapi-go/handler/proxy/gemini.go:126.73,132.20 2 1
github.com/tokendancelab/metapi-go/handler/proxy/gemini.go:132.20,135.3 2 0
github.com/tokendancelab/metapi-go/handler/proxy/gemini.go:137.2,137.29 1 1
github.com/tokendancelab/metapi-go/handler/proxy/gemini.go:143.70,147.21 3 1
github.com/tokendancelab/metapi-go/handler/proxy/gemini.go:147.21,149.3 1 1
github.com/tokendancelab/metapi-go/handler/proxy/gemini.go:150.2,150.45 1 1
github.com/tokendancelab/metapi-go/handler/proxy/gemini.go:150.45,152.59 2 1
github.com/tokendancelab/metapi-go/handler/proxy/gemini.go:152.59,155.4 2 1
github.com/tokendancelab/metapi-go/handler/proxy/gemini.go:155.9,157.4 1 1
github.com/tokendancelab/metapi-go/handler/proxy/gemini.go:160.2,160.8 1 1
github.com/tokendancelab/metapi-go/handler/proxy/images.go:9.70,16.20 2 1
github.com/tokendancelab/metapi-go/handler/proxy/images.go:16.20,19.3 2 1
github.com/tokendancelab/metapi-go/handler/proxy/images.go:21.2,21.29 1 1
github.com/tokendancelab/metapi-go/handler/proxy/images.go:26.64,30.27 2 1
github.com/tokendancelab/metapi-go/handler/proxy/images.go:30.27,33.30 3 0
github.com/tokendancelab/metapi-go/handler/proxy/images.go:33.30,34.42 1 0
github.com/tokendancelab/metapi-go/handler/proxy/images.go:34.42,36.5 1 0
github.com/tokendancelab/metapi-go/handler/proxy/images.go:38.3,48.9 4 0
github.com/tokendancelab/metapi-go/handler/proxy/images.go:51.2,57.20 2 1
github.com/tokendancelab/metapi-go/handler/proxy/images.go:57.20,60.3 2 1
github.com/tokendancelab/metapi-go/handler/proxy/images.go:62.2,62.29 1 1
github.com/tokendancelab/metapi-go/handler/proxy/images.go:67.69,69.2 1 1
github.com/tokendancelab/metapi-go/handler/proxy/input_files.go:18.55,23.2 2 1
github.com/tokendancelab/metapi-go/handler/proxy/input_files.go:27.55,30.2 2 1
github.com/tokendancelab/metapi-go/handler/proxy/messages.go:11.67,18.20 2 1
github.com/tokendancelab/metapi-go/handler/proxy/messages.go:18.20,21.3 2 1
github.com/tokendancelab/metapi-go/handler/proxy/messages.go:23.2,23.29 1 1
github.com/tokendancelab/metapi-go/handler/proxy/messages.go:27.70,33.20 2 1
github.com/tokendancelab/metapi-go/handler/proxy/messages.go:33.20,36.3 2 0
github.com/tokendancelab/metapi-go/handler/proxy/messages.go:38.2,38.29 1 1
github.com/tokendancelab/metapi-go/handler/proxy/messages.go:43.27,44.12 1 1
github.com/tokendancelab/metapi-go/handler/proxy/messages.go:44.12,46.3 1 1
github.com/tokendancelab/metapi-go/handler/proxy/messages.go:47.2,48.11 2 1
github.com/tokendancelab/metapi-go/handler/proxy/messages.go:48.11,51.3 2 1
github.com/tokendancelab/metapi-go/handler/proxy/messages.go:52.2,54.12 3 1
github.com/tokendancelab/metapi-go/handler/proxy/messages.go:54.12,58.3 3 1
github.com/tokendancelab/metapi-go/handler/proxy/messages.go:59.2,59.9 1 1
github.com/tokendancelab/metapi-go/handler/proxy/messages.go:59.9,62.3 2 1
github.com/tokendancelab/metapi-go/handler/proxy/messages.go:63.2,63.24 1 1
github.com/tokendancelab/metapi-go/handler/proxy/messages.go:66.38,68.30 2 1
github.com/tokendancelab/metapi-go/handler/proxy/messages.go:68.30,70.12 2 1
github.com/tokendancelab/metapi-go/handler/proxy/messages.go:71.12,72.38 1 1
github.com/tokendancelab/metapi-go/handler/proxy/messages.go:73.13,74.39 1 0
github.com/tokendancelab/metapi-go/handler/proxy/messages.go:75.13,76.38 1 1
github.com/tokendancelab/metapi-go/handler/proxy/messages.go:77.13,78.38 1 0
github.com/tokendancelab/metapi-go/handler/proxy/messages.go:79.13,80.38 1 0
github.com/tokendancelab/metapi-go/handler/proxy/messages.go:81.11,82.30 1 1
github.com/tokendancelab/metapi-go/handler/proxy/messages.go:85.2,85.23 1 1
github.com/tokendancelab/metapi-go/handler/proxy/messages.go:88.61,96.2 5 1
github.com/tokendancelab/metapi-go/handler/proxy/messages.go:98.43,99.25 1 1
github.com/tokendancelab/metapi-go/handler/proxy/messages.go:100.22,103.26 3 1
github.com/tokendancelab/metapi-go/handler/proxy/messages.go:103.26,104.14 1 1
github.com/tokendancelab/metapi-go/handler/proxy/messages.go:104.14,106.5 1 1
github.com/tokendancelab/metapi-go/handler/proxy/messages.go:107.4,111.29 5 1
github.com/tokendancelab/metapi-go/handler/proxy/messages.go:113.3,113.25 1 1
github.com/tokendancelab/metapi-go/handler/proxy/messages.go:114.24,116.28 2 1
github.com/tokendancelab/metapi-go/handler/proxy/messages.go:116.28,117.13 1 1
github.com/tokendancelab/metapi-go/handler/proxy/messages.go:117.13,119.5 1 1
github.com/tokendancelab/metapi-go/handler/proxy/messages.go:120.4,120.31 1 1
github.com/tokendancelab/metapi-go/handler/proxy/messages.go:122.3,122.25 1 1
github.com/tokendancelab/metapi-go/handler/proxy/messages.go:123.13,125.28 2 1
github.com/tokendancelab/metapi-go/handler/proxy/messages.go:125.28,126.13 1 1
github.com/tokendancelab/metapi-go/handler/proxy/messages.go:126.13,128.5 1 1
github.com/tokendancelab/metapi-go/handler/proxy/messages.go:129.4,129.31 1 1
github.com/tokendancelab/metapi-go/handler/proxy/messages.go:131.3,131.25 1 1
github.com/tokendancelab/metapi-go/handler/proxy/messages.go:132.14,135.25 3 1
github.com/tokendancelab/metapi-go/handler/proxy/messages.go:136.15,137.42 1 1
github.com/tokendancelab/metapi-go/handler/proxy/messages.go:138.11,139.49 1 1
github.com/tokendancelab/metapi-go/handler/proxy/messages.go:140.13,141.42 1 1
github.com/tokendancelab/metapi-go/handler/proxy/messages.go:142.12,143.10 1 1
github.com/tokendancelab/metapi-go/handler/proxy/messages.go:143.10,145.4 1 1
github.com/tokendancelab/metapi-go/handler/proxy/messages.go:145.9,147.4 1 1
github.com/tokendancelab/metapi-go/handler/proxy/messages.go:148.11,149.31 1 1
github.com/tokendancelab/metapi-go/handler/proxy/messages.go:150.17,151.49 1 0
github.com/tokendancelab/metapi-go/handler/proxy/messages.go:152.10,153.31 1 1
github.com/tokendancelab/metapi-go/handler/proxy/messages.go:155.2,155.12 1 1
github.com/tokendancelab/metapi-go/handler/proxy/messages.go:158.37,160.2 1 1
github.com/tokendancelab/metapi-go/handler/proxy/messages.go:162.29,164.53 1 1
github.com/tokendancelab/metapi-go/handler/proxy/messages.go:164.53,166.3 1 1
github.com/tokendancelab/metapi-go/handler/proxy/messages.go:167.2,167.44 1 1
github.com/tokendancelab/metapi-go/handler/proxy/models.go:13.59,15.20 2 1
github.com/tokendancelab/metapi-go/handler/proxy/models.go:15.20,18.3 2 1
github.com/tokendancelab/metapi-go/handler/proxy/models.go:21.2,26.17 3 1
github.com/tokendancelab/metapi-go/handler/proxy/models.go:26.17,28.3 1 1
github.com/tokendancelab/metapi-go/handler/proxy/models.go:28.8,30.3 1 1
github.com/tokendancelab/metapi-go/handler/proxy/models.go:34.64,37.27 3 1
github.com/tokendancelab/metapi-go/handler/proxy/models.go:37.27,44.3 1 1
github.com/tokendancelab/metapi-go/handler/proxy/models.go:45.2,48.3 1 1
github.com/tokendancelab/metapi-go/handler/proxy/models.go:52.64,54.27 2 1
github.com/tokendancelab/metapi-go/handler/proxy/models.go:54.27,60.3 1 1
github.com/tokendancelab/metapi-go/handler/proxy/models.go:61.2,63.3 1 1
github.com/tokendancelab/metapi-go/handler/proxy/models.go:68.71,82.2 2 1
github.com/tokendancelab/metapi-go/handler/proxy/models.go:85.94,86.74 1 1
github.com/tokendancelab/metapi-go/handler/proxy/models.go:86.74,87.30 1 1
github.com/tokendancelab/metapi-go/handler/proxy/models.go:87.30,89.4 1 1
github.com/tokendancelab/metapi-go/handler/proxy/models.go:90.3,90.14 1 1
github.com/tokendancelab/metapi-go/handler/proxy/models.go:93.2,93.37 1 1
github.com/tokendancelab/metapi-go/handler/proxy/models.go:93.37,94.44 1 1
github.com/tokendancelab/metapi-go/handler/proxy/models.go:94.44,95.44 1 1
github.com/tokendancelab/metapi-go/handler/proxy/models.go:95.44,97.5 1 1
github.com/tokendancelab/metapi-go/handler/proxy/models.go:99.3,99.15 1 1
github.com/tokendancelab/metapi-go/handler/proxy/models.go:103.2,103.13 1 1
github.com/tokendancelab/metapi-go/handler/proxy/models.go:107.52,108.40 1 1
github.com/tokendancelab/metapi-go/handler/proxy/models.go:108.40,110.3 1 1
github.com/tokendancelab/metapi-go/handler/proxy/models.go:111.2,111.37 1 1
github.com/tokendancelab/metapi-go/handler/proxy/models.go:111.37,113.3 1 1
github.com/tokendancelab/metapi-go/handler/proxy/models.go:114.2,114.37 1 1
github.com/tokendancelab/metapi-go/handler/proxy/models.go:114.37,116.3 1 1
github.com/tokendancelab/metapi-go/handler/proxy/models.go:117.2,117.14 1 1
github.com/tokendancelab/metapi-go/handler/proxy/multipart.go:19.74,21.60 2 1
github.com/tokendancelab/metapi-go/handler/proxy/multipart.go:21.60,23.3 1 1
github.com/tokendancelab/metapi-go/handler/proxy/multipart.go:26.2,26.55 1 1
github.com/tokendancelab/metapi-go/handler/proxy/multipart.go:26.55,28.3 1 0
github.com/tokendancelab/metapi-go/handler/proxy/multipart.go:30.2,30.28 1 1
github.com/tokendancelab/metapi-go/handler/proxy/multipart.go:30.28,32.3 1 0
github.com/tokendancelab/metapi-go/handler/proxy/multipart.go:34.2,37.8 1 1
github.com/tokendancelab/metapi-go/handler/proxy/multipart.go:41.57,42.33 1 1
github.com/tokendancelab/metapi-go/handler/proxy/multipart.go:42.33,44.3 1 1
github.com/tokendancelab/metapi-go/handler/proxy/multipart.go:45.2,46.20 2 1
github.com/tokendancelab/metapi-go/handler/proxy/multipart.go:46.20,48.3 1 1
github.com/tokendancelab/metapi-go/handler/proxy/multipart.go:49.2,49.35 1 1
github.com/tokendancelab/metapi-go/handler/proxy/multipart.go:56.98,57.28 1 1
github.com/tokendancelab/metapi-go/handler/proxy/multipart.go:57.28,59.3 1 1
github.com/tokendancelab/metapi-go/handler/proxy/multipart.go:61.2,66.12 4 1
github.com/tokendancelab/metapi-go/handler/proxy/multipart.go:66.12,71.50 3 1
github.com/tokendancelab/metapi-go/handler/proxy/multipart.go:71.50,72.31 1 1
github.com/tokendancelab/metapi-go/handler/proxy/multipart.go:72.31,74.25 2 1
github.com/tokendancelab/metapi-go/handler/proxy/multipart.go:74.25,75.38 1 0
github.com/tokendancelab/metapi-go/handler/proxy/multipart.go:75.38,77.7 1 0
github.com/tokendancelab/metapi-go/handler/proxy/multipart.go:79.5,79.37 1 1
github.com/tokendancelab/metapi-go/handler/proxy/multipart.go:84.3,84.23 1 1
github.com/tokendancelab/metapi-go/handler/proxy/multipart.go:84.23,85.35 1 0
github.com/tokendancelab/metapi-go/handler/proxy/multipart.go:85.35,86.57 1 0
github.com/tokendancelab/metapi-go/handler/proxy/multipart.go:86.57,88.6 1 0
github.com/tokendancelab/metapi-go/handler/proxy/multipart.go:93.3,93.48 1 1
github.com/tokendancelab/metapi-go/handler/proxy/multipart.go:93.48,94.29 1 1
github.com/tokendancelab/metapi-go/handler/proxy/multipart.go:94.29,96.19 2 1
github.com/tokendancelab/metapi-go/handler/proxy/multipart.go:96.19,98.6 1 0
github.com/tokendancelab/metapi-go/handler/proxy/multipart.go:99.5,100.19 2 1
github.com/tokendancelab/metapi-go/handler/proxy/multipart.go:100.19,102.6 1 0
github.com/tokendancelab/metapi-go/handler/proxy/multipart.go:103.5,104.17 2 1
github.com/tokendancelab/metapi-go/handler/proxy/multipart.go:109.2,114.40 4 1
github.com/tokendancelab/metapi-go/handler/proxy/multipart.go:118.47,120.2 1 1
github.com/tokendancelab/metapi-go/handler/proxy/responses.go:11.85,17.20 2 1
github.com/tokendancelab/metapi-go/handler/proxy/responses.go:17.20,20.3 2 1
github.com/tokendancelab/metapi-go/handler/proxy/responses.go:22.2,22.18 1 1
github.com/tokendancelab/metapi-go/handler/proxy/responses.go:22.18,25.3 2 1
github.com/tokendancelab/metapi-go/handler/proxy/responses.go:27.2,27.29 1 1
github.com/tokendancelab/metapi-go/handler/proxy/responses.go:31.68,36.2 2 1
github.com/tokendancelab/metapi-go/handler/proxy/responses.go:39.71,41.26 2 1
github.com/tokendancelab/metapi-go/handler/proxy/responses.go:41.26,44.3 2 1
github.com/tokendancelab/metapi-go/handler/proxy/responses.go:45.2,45.39 1 1
github.com/tokendancelab/metapi-go/handler/proxy/responses.go:49.73,51.26 2 1
github.com/tokendancelab/metapi-go/handler/proxy/responses.go:51.26,54.3 2 1
github.com/tokendancelab/metapi-go/handler/proxy/responses.go:55.2,57.27 1 1
github.com/tokendancelab/metapi-go/handler/proxy/responses.go:61.54,63.47 1 1
github.com/tokendancelab/metapi-go/handler/proxy/responses.go:63.47,65.3 1 1
github.com/tokendancelab/metapi-go/handler/proxy/responses.go:66.2,66.26 1 1
github.com/tokendancelab/metapi-go/handler/proxy/responses.go:66.26,68.3 1 1
github.com/tokendancelab/metapi-go/handler/proxy/responses.go:69.2,69.41 1 1
github.com/tokendancelab/metapi-go/handler/proxy/responses.go:69.41,71.3 1 1
github.com/tokendancelab/metapi-go/handler/proxy/responses.go:72.2,72.11 1 1
github.com/tokendancelab/metapi-go/handler/proxy/responses.go:75.26,77.2 1 1
github.com/tokendancelab/metapi-go/handler/proxy/responses_ws.go:22.79,28.2 3 0
github.com/tokendancelab/metapi-go/handler/proxy/responses_ws.go:37.58,39.29 2 1
github.com/tokendancelab/metapi-go/handler/proxy/responses_ws.go:39.29,40.17 1 1
github.com/tokendancelab/metapi-go/handler/proxy/responses_ws.go:40.17,42.4 1 1
github.com/tokendancelab/metapi-go/handler/proxy/responses_ws.go:44.2,44.16 1 1
github.com/tokendancelab/metapi-go/handler/proxy/responses_ws.go:48.49,50.2 1 1
github.com/tokendancelab/metapi-go/handler/proxy/responses_ws.go:64.71,66.50 2 1
github.com/tokendancelab/metapi-go/handler/proxy/responses_ws.go:66.50,68.3 1 1
github.com/tokendancelab/metapi-go/handler/proxy/responses_ws.go:69.2,71.18 3 1
github.com/tokendancelab/metapi-go/handler/proxy/responses_ws.go:75.66,84.2 1 1
github.com/tokendancelab/metapi-go/handler/proxy/responses_ws.go:88.90,89.22 1 1
github.com/tokendancelab/metapi-go/handler/proxy/responses_ws.go:89.22,91.3 1 1
github.com/tokendancelab/metapi-go/handler/proxy/responses_ws.go:92.2,93.21 2 1
github.com/tokendancelab/metapi-go/handler/proxy/responses_ws.go:93.21,95.3 1 1
github.com/tokendancelab/metapi-go/handler/proxy/responses_ws.go:96.2,122.3 1 1
github.com/tokendancelab/metapi-go/handler/proxy/router.go:14.40,26.68 5 1
github.com/tokendancelab/metapi-go/handler/proxy/router.go:26.68,28.3 1 1
github.com/tokendancelab/metapi-go/handler/proxy/router.go:29.2,30.76 2 1
github.com/tokendancelab/metapi-go/handler/proxy/router.go:30.76,32.3 1 1
github.com/tokendancelab/metapi-go/handler/proxy/router.go:35.2,54.24 10 1
github.com/tokendancelab/metapi-go/handler/proxy/router.go:60.45,65.68 2 1
github.com/tokendancelab/metapi-go/handler/proxy/router.go:65.68,67.3 1 1
github.com/tokendancelab/metapi-go/handler/proxy/router.go:68.2,73.25 4 1
github.com/tokendancelab/metapi-go/handler/proxy/router.go:78.37,78.38 0 1
github.com/tokendancelab/metapi-go/handler/proxy/router.go:81.77,86.2 4 1
github.com/tokendancelab/metapi-go/handler/proxy/router.go:89.34,91.30 2 1
github.com/tokendancelab/metapi-go/handler/proxy/router.go:91.30,93.12 2 1
github.com/tokendancelab/metapi-go/handler/proxy/router.go:94.12,95.38 1 1
github.com/tokendancelab/metapi-go/handler/proxy/router.go:96.13,97.39 1 1
github.com/tokendancelab/metapi-go/handler/proxy/router.go:98.13,99.38 1 1
github.com/tokendancelab/metapi-go/handler/proxy/router.go:100.13,101.38 1 1
github.com/tokendancelab/metapi-go/handler/proxy/router.go:102.13,103.38 1 1
github.com/tokendancelab/metapi-go/handler/proxy/router.go:104.11,105.30 1 1
github.com/tokendancelab/metapi-go/handler/proxy/router.go:108.2,108.23 1 1
github.com/tokendancelab/metapi-go/handler/proxy/router.go:112.59,114.2 1 1
github.com/tokendancelab/metapi-go/handler/proxy/search.go:17.59,24.20 2 1
github.com/tokendancelab/metapi-go/handler/proxy/search.go:24.20,27.3 2 1
github.com/tokendancelab/metapi-go/handler/proxy/search.go:30.2,32.17 3 1
github.com/tokendancelab/metapi-go/handler/proxy/search.go:32.17,35.3 2 1
github.com/tokendancelab/metapi-go/handler/proxy/search.go:38.2,38.18 1 1
github.com/tokendancelab/metapi-go/handler/proxy/search.go:38.18,41.3 2 1
github.com/tokendancelab/metapi-go/handler/proxy/search.go:44.2,46.26 3 1
github.com/tokendancelab/metapi-go/handler/proxy/search.go:46.26,47.36 1 1
github.com/tokendancelab/metapi-go/handler/proxy/search.go:48.16,49.58 1 1
github.com/tokendancelab/metapi-go/handler/proxy/search.go:49.58,51.5 1 1
github.com/tokendancelab/metapi-go/handler/proxy/search.go:51.10,54.5 2 1
github.com/tokendancelab/metapi-go/handler/proxy/search.go:55.12,56.36 1 0
github.com/tokendancelab/metapi-go/handler/proxy/search.go:56.36,58.5 1 0
github.com/tokendancelab/metapi-go/handler/proxy/search.go:58.10,61.5 2 0
github.com/tokendancelab/metapi-go/handler/proxy/search.go:62.11,64.10 2 1
github.com/tokendancelab/metapi-go/handler/proxy/search.go:68.2,70.29 2 1
github.com/tokendancelab/metapi-go/handler/proxy/surface.go:57.70,59.20 2 1
github.com/tokendancelab/metapi-go/handler/proxy/surface.go:59.20,61.3 1 1
github.com/tokendancelab/metapi-go/handler/proxy/surface.go:64.2,65.16 2 1
github.com/tokendancelab/metapi-go/handler/proxy/surface.go:65.16,67.3 1 0
github.com/tokendancelab/metapi-go/handler/proxy/surface.go:68.2,71.24 3 1
github.com/tokendancelab/metapi-go/handler/proxy/surface.go:71.24,72.58 1 1
github.com/tokendancelab/metapi-go/handler/proxy/surface.go:72.58,74.4 1 1
github.com/tokendancelab/metapi-go/handler/proxy/surface.go:76.2,76.17 1 1
github.com/tokendancelab/metapi-go/handler/proxy/surface.go:76.17,78.3 1 1
github.com/tokendancelab/metapi-go/handler/proxy/surface.go:81.2,83.52 3 1
github.com/tokendancelab/metapi-go/handler/proxy/surface.go:83.52,86.3 2 1
github.com/tokendancelab/metapi-go/handler/proxy/surface.go:87.2,87.46 1 1
github.com/tokendancelab/metapi-go/handler/proxy/surface.go:87.46,89.3 1 1
github.com/tokendancelab/metapi-go/handler/proxy/surface.go:92.2,92.85 1 1
github.com/tokendancelab/metapi-go/handler/proxy/surface.go:92.85,94.3 1 0
github.com/tokendancelab/metapi-go/handler/proxy/surface.go:97.2,104.21 5 1
github.com/tokendancelab/metapi-go/handler/proxy/surface.go:104.21,106.3 1 1
github.com/tokendancelab/metapi-go/handler/proxy/surface.go:108.2,118.8 1 1
github.com/tokendancelab/metapi-go/handler/proxy/surface.go:122.49,123.33 1 1
github.com/tokendancelab/metapi-go/handler/proxy/surface.go:123.33,124.33 1 1
github.com/tokendancelab/metapi-go/handler/proxy/surface.go:124.33,126.4 1 1
github.com/tokendancelab/metapi-go/handler/proxy/surface.go:127.3,127.59 1 1
github.com/tokendancelab/metapi-go/handler/proxy/surface.go:127.59,129.4 1 1
github.com/tokendancelab/metapi-go/handler/proxy/surface.go:130.3,130.41 1 1
github.com/tokendancelab/metapi-go/handler/proxy/surface.go:130.41,132.4 1 1
github.com/tokendancelab/metapi-go/handler/proxy/surface.go:134.2,134.14 1 1
github.com/tokendancelab/metapi-go/handler/proxy/surface.go:138.45,142.2 3 1
github.com/tokendancelab/metapi-go/handler/proxy/surface.go:145.35,147.2 1 1
github.com/tokendancelab/metapi-go/handler/proxy/surface.go:150.23,152.2 1 1
github.com/tokendancelab/metapi-go/handler/proxy/upstream.go:28.45,30.2 1 0
github.com/tokendancelab/metapi-go/handler/proxy/upstream.go:34.42,36.2 1 1
github.com/tokendancelab/metapi-go/handler/proxy/upstream.go:40.73,42.16 2 1
github.com/tokendancelab/metapi-go/handler/proxy/upstream.go:42.16,45.3 2 1
github.com/tokendancelab/metapi-go/handler/proxy/upstream.go:47.2,50.47 3 0
github.com/tokendancelab/metapi-go/handler/proxy/upstream.go:50.47,64.36 2 0
github.com/tokendancelab/metapi-go/handler/proxy/upstream.go:64.36,67.4 2 0
github.com/tokendancelab/metapi-go/handler/proxy/upstream.go:68.3,72.26 3 0
github.com/tokendancelab/metapi-go/handler/proxy/upstream.go:72.26,74.4 1 0
github.com/tokendancelab/metapi-go/handler/proxy/upstream.go:75.3,82.17 6 0
github.com/tokendancelab/metapi-go/handler/proxy/upstream.go:82.17,83.26 1 0
github.com/tokendancelab/metapi-go/handler/proxy/upstream.go:83.26,84.13 1 0
github.com/tokendancelab/metapi-go/handler/proxy/upstream.go:86.4,87.10 2 0
github.com/tokendancelab/metapi-go/handler/proxy/upstream.go:89.3,90.32 2 0
github.com/tokendancelab/metapi-go/handler/proxy/upstream.go:90.32,92.4 1 0
github.com/tokendancelab/metapi-go/handler/proxy/upstream.go:94.3,97.17 3 0
github.com/tokendancelab/metapi-go/handler/proxy/upstream.go:97.17,98.26 1 0
github.com/tokendancelab/metapi-go/handler/proxy/upstream.go:98.26,99.13 1 0
github.com/tokendancelab/metapi-go/handler/proxy/upstream.go:101.4,102.10 2 0
github.com/tokendancelab/metapi-go/handler/proxy/upstream.go:106.3,106.19 1 0
github.com/tokendancelab/metapi-go/handler/proxy/upstream.go:106.19,108.4 1 0
github.com/tokendancelab/metapi-go/handler/proxy/upstream.go:108.9,110.4 1 0
github.com/tokendancelab/metapi-go/handler/proxy/upstream.go:111.3,112.9 2 0
github.com/tokendancelab/metapi-go/handler/proxy/upstream.go:115.2,115.66 1 0
github.com/tokendancelab/metapi-go/handler/proxy/upstream.go:119.57,120.18 1 1
github.com/tokendancelab/metapi-go/handler/proxy/upstream.go:120.18,126.21 5 1
github.com/tokendancelab/metapi-go/handler/proxy/upstream.go:126.21,128.4 1 1
github.com/tokendancelab/metapi-go/handler/proxy/upstream.go:129.3,130.21 2 1
github.com/tokendancelab/metapi-go/handler/proxy/upstream.go:130.21,132.4 1 1
github.com/tokendancelab/metapi-go/handler/proxy/upstream.go:133.3,134.21 2 1
github.com/tokendancelab/metapi-go/handler/proxy/upstream.go:134.21,136.4 1 1
github.com/tokendancelab/metapi-go/handler/proxy/upstream.go:137.3,137.9 1 1
github.com/tokendancelab/metapi-go/handler/proxy/upstream.go:140.2,158.29 2 1
github.com/tokendancelab/metapi-go/handler/proxy/upstream.go:162.88,168.98 4 0
github.com/tokendancelab/metapi-go/handler/proxy/upstream.go:168.99,170.3 0 0
github.com/tokendancelab/metapi-go/handler/proxy/upstream.go:172.2,173.6 2 0
github.com/tokendancelab/metapi-go/handler/proxy/upstream.go:173.6,175.12 2 0
github.com/tokendancelab/metapi-go/handler/proxy/upstream.go:175.12,177.22 2 0
github.com/tokendancelab/metapi-go/handler/proxy/upstream.go:177.22,179.5 1 0
github.com/tokendancelab/metapi-go/handler/proxy/upstream.go:181.3,181.17 1 0
github.com/tokendancelab/metapi-go/handler/proxy/upstream.go:181.17,182.9 1 0
github.com/tokendancelab/metapi-go/handler/proxy/upstream.go:185.2,185.15 1 0
github.com/tokendancelab/metapi-go/handler/proxy/upstream.go:189.91,191.16 2 0
github.com/tokendancelab/metapi-go/handler/proxy/upstream.go:191.16,194.3 2 0
github.com/tokendancelab/metapi-go/handler/proxy/upstream.go:197.2,198.20 2 0
github.com/tokendancelab/metapi-go/handler/proxy/upstream.go:198.20,201.3 2 0
github.com/tokendancelab/metapi-go/handler/proxy/upstream.go:204.2,204.32 1 0
github.com/tokendancelab/metapi-go/handler/proxy/upstream.go:204.32,205.56 1 0
github.com/tokendancelab/metapi-go/handler/proxy/upstream.go:205.56,206.12 1 0
github.com/tokendancelab/metapi-go/handler/proxy/upstream.go:208.3,208.20 1 0
github.com/tokendancelab/metapi-go/handler/proxy/upstream.go:210.2,212.15 3 0
github.com/tokendancelab/metapi-go/handler/proxy/upstream.go:216.81,218.25 2 0
github.com/tokendancelab/metapi-go/handler/proxy/upstream.go:218.25,219.19 1 0
github.com/tokendancelab/metapi-go/handler/proxy/upstream.go:219.19,221.4 1 0
github.com/tokendancelab/metapi-go/handler/proxy/upstream.go:221.9,223.4 1 0
github.com/tokendancelab/metapi-go/handler/proxy/upstream.go:225.2,225.35 1 0
github.com/tokendancelab/metapi-go/handler/proxy/upstream.go:225.35,227.3 1 0
github.com/tokendancelab/metapi-go/handler/proxy/upstream.go:228.2,228.15 1 0
github.com/tokendancelab/metapi-go/handler/proxy/upstream.go:231.38,232.17 1 0
github.com/tokendancelab/metapi-go/handler/proxy/upstream.go:232.17,234.3 1 0
github.com/tokendancelab/metapi-go/handler/proxy/upstream.go:235.2,235.37 1 0
github.com/tokendancelab/metapi-go/handler/proxy/videos.go:30.65,34.27 2 1
github.com/tokendancelab/metapi-go/handler/proxy/videos.go:34.27,36.30 2 0
github.com/tokendancelab/metapi-go/handler/proxy/videos.go:36.30,37.42 1 0
github.com/tokendancelab/metapi-go/handler/proxy/videos.go:37.43,40.5 0 0
github.com/tokendancelab/metapi-go/handler/proxy/videos.go:41.4,41.10 1 0
github.com/tokendancelab/metapi-go/handler/proxy/videos.go:45.2,50.20 2 1
github.com/tokendancelab/metapi-go/handler/proxy/videos.go:50.20,53.3 2 1
github.com/tokendancelab/metapi-go/handler/proxy/videos.go:55.2,55.30 1 1
github.com/tokendancelab/metapi-go/handler/proxy/videos.go:55.30,58.3 2 0
github.com/tokendancelab/metapi-go/handler/proxy/videos.go:60.2,60.29 1 1
github.com/tokendancelab/metapi-go/handler/proxy/videos.go:63.62,65.20 2 1
github.com/tokendancelab/metapi-go/handler/proxy/videos.go:65.20,68.3 2 0
github.com/tokendancelab/metapi-go/handler/proxy/videos.go:70.2,75.20 2 1
github.com/tokendancelab/metapi-go/handler/proxy/videos.go:75.20,78.3 2 0
github.com/tokendancelab/metapi-go/handler/proxy/videos.go:80.2,84.9 4 1
github.com/tokendancelab/metapi-go/handler/proxy/videos.go:84.9,87.3 2 1
github.com/tokendancelab/metapi-go/handler/proxy/videos.go:89.2,91.29 3 1
github.com/tokendancelab/metapi-go/handler/proxy/videos.go:95.65,97.20 2 1
github.com/tokendancelab/metapi-go/handler/proxy/videos.go:97.20,100.3 2 0
github.com/tokendancelab/metapi-go/handler/proxy/videos.go:102.2,106.9 4 1
github.com/tokendancelab/metapi-go/handler/proxy/videos.go:106.9,109.3 2 1
github.com/tokendancelab/metapi-go/handler/proxy/videos.go:111.2,115.20 4 1
github.com/tokendancelab/metapi-go/handler/proxy/videos.go:119.47,123.2 3 1
github.com/tokendancelab/metapi-go/handler/proxy/videos.go:126.67,130.2 3 1
github.com/tokendancelab/metapi-go/handler/proxy/videos.go:133.54,137.2 3 1
github.com/tokendancelab/metapi-go/transform/canonical/envelope.go:24.114,26.26 2 1
github.com/tokendancelab/metapi-go/transform/canonical/envelope.go:26.26,28.3 1 1
github.com/tokendancelab/metapi-go/transform/canonical/envelope.go:30.2,31.21 2 1
github.com/tokendancelab/metapi-go/transform/canonical/envelope.go:31.21,33.3 1 1
github.com/tokendancelab/metapi-go/transform/canonical/envelope.go:35.2,36.22 2 1
github.com/tokendancelab/metapi-go/transform/canonical/envelope.go:36.22,38.3 1 1
github.com/tokendancelab/metapi-go/transform/canonical/envelope.go:40.2,49.28 2 1
github.com/tokendancelab/metapi-go/transform/canonical/envelope.go:49.28,51.3 1 1
github.com/tokendancelab/metapi-go/transform/canonical/envelope.go:52.2,52.26 1 1
github.com/tokendancelab/metapi-go/transform/canonical/envelope.go:52.26,54.3 1 1
github.com/tokendancelab/metapi-go/transform/canonical/envelope.go:55.2,55.29 1 1
github.com/tokendancelab/metapi-go/transform/canonical/envelope.go:55.29,57.3 1 1
github.com/tokendancelab/metapi-go/transform/canonical/envelope.go:58.2,59.27 2 1
github.com/tokendancelab/metapi-go/transform/canonical/envelope.go:59.27,61.3 1 1
github.com/tokendancelab/metapi-go/transform/canonical/envelope.go:62.2,62.29 1 1
github.com/tokendancelab/metapi-go/transform/canonical/envelope.go:62.29,64.3 1 1
github.com/tokendancelab/metapi-go/transform/canonical/envelope.go:65.2,65.32 1 1
github.com/tokendancelab/metapi-go/transform/canonical/envelope.go:65.32,67.3 1 1
github.com/tokendancelab/metapi-go/transform/canonical/envelope.go:68.2,68.32 1 1
github.com/tokendancelab/metapi-go/transform/canonical/envelope.go:68.32,70.3 1 0
github.com/tokendancelab/metapi-go/transform/canonical/envelope.go:72.2,72.22 1 1
github.com/tokendancelab/metapi-go/transform/canonical/envelope.go:76.86,77.14 1 1
github.com/tokendancelab/metapi-go/transform/canonical/envelope.go:77.14,79.3 1 1
github.com/tokendancelab/metapi-go/transform/canonical/envelope.go:80.2,87.59 2 1
github.com/tokendancelab/metapi-go/transform/canonical/envelope.go:87.59,89.3 1 1
github.com/tokendancelab/metapi-go/transform/canonical/envelope.go:90.2,90.17 1 1
github.com/tokendancelab/metapi-go/transform/canonical/envelope.go:98.40,98.56 1 0
github.com/tokendancelab/metapi-go/transform/canonical/envelope.go:100.72,104.2 3 0
github.com/tokendancelab/metapi-go/transform/canonical/openai_bridge.go:10.36,12.9 2 1
github.com/tokendancelab/metapi-go/transform/canonical/openai_bridge.go:12.9,14.3 1 1
github.com/tokendancelab/metapi-go/transform/canonical/openai_bridge.go:15.2,15.29 1 1
github.com/tokendancelab/metapi-go/transform/canonical/openai_bridge.go:18.45,20.21 2 1
github.com/tokendancelab/metapi-go/transform/canonical/openai_bridge.go:20.21,22.3 1 0
github.com/tokendancelab/metapi-go/transform/canonical/openai_bridge.go:23.2,23.16 1 1
github.com/tokendancelab/metapi-go/transform/canonical/openai_bridge.go:27.35,28.14 1 0
github.com/tokendancelab/metapi-go/transform/canonical/openai_bridge.go:28.14,30.3 1 0
github.com/tokendancelab/metapi-go/transform/canonical/openai_bridge.go:31.2,32.16 2 0
github.com/tokendancelab/metapi-go/transform/canonical/openai_bridge.go:32.16,34.3 1 0
github.com/tokendancelab/metapi-go/transform/canonical/openai_bridge.go:35.2,35.18 1 0
github.com/tokendancelab/metapi-go/transform/canonical/openai_bridge.go:38.32,39.14 1 1
github.com/tokendancelab/metapi-go/transform/canonical/openai_bridge.go:39.14,41.3 1 0
github.com/tokendancelab/metapi-go/transform/canonical/openai_bridge.go:42.2,43.16 2 1
github.com/tokendancelab/metapi-go/transform/canonical/openai_bridge.go:43.16,45.3 1 0
github.com/tokendancelab/metapi-go/transform/canonical/openai_bridge.go:46.2,47.48 2 1
github.com/tokendancelab/metapi-go/transform/canonical/openai_bridge.go:47.48,49.3 1 0
github.com/tokendancelab/metapi-go/transform/canonical/openai_bridge.go:50.2,50.12 1 1
github.com/tokendancelab/metapi-go/transform/canonical/openai_bridge.go:53.42,55.26 2 1
github.com/tokendancelab/metapi-go/transform/canonical/openai_bridge.go:55.26,57.14 2 1
github.com/tokendancelab/metapi-go/transform/canonical/openai_bridge.go:57.14,59.4 1 1
github.com/tokendancelab/metapi-go/transform/canonical/openai_bridge.go:61.2,61.37 1 1
github.com/tokendancelab/metapi-go/transform/canonical/openai_bridge.go:64.48,66.14 2 1
github.com/tokendancelab/metapi-go/transform/canonical/openai_bridge.go:67.16,68.20 1 1
github.com/tokendancelab/metapi-go/transform/canonical/openai_bridge.go:69.19,70.23 1 1
github.com/tokendancelab/metapi-go/transform/canonical/openai_bridge.go:71.19,72.23 1 1
github.com/tokendancelab/metapi-go/transform/canonical/openai_bridge.go:73.14,74.18 1 1
github.com/tokendancelab/metapi-go/transform/canonical/openai_bridge.go:75.10,76.18 1 1
github.com/tokendancelab/metapi-go/transform/canonical/openai_bridge.go:94.114,96.17 2 1
github.com/tokendancelab/metapi-go/transform/canonical/openai_bridge.go:96.17,98.3 1 1
github.com/tokendancelab/metapi-go/transform/canonical/openai_bridge.go:100.2,101.27 2 1
github.com/tokendancelab/metapi-go/transform/canonical/openai_bridge.go:101.27,103.3 1 1
github.com/tokendancelab/metapi-go/transform/canonical/openai_bridge.go:103.8,103.59 1 1
github.com/tokendancelab/metapi-go/transform/canonical/openai_bridge.go:103.59,105.3 1 0
github.com/tokendancelab/metapi-go/transform/canonical/openai_bridge.go:107.2,108.48 2 1
github.com/tokendancelab/metapi-go/transform/canonical/openai_bridge.go:108.48,110.3 1 0
github.com/tokendancelab/metapi-go/transform/canonical/openai_bridge.go:112.2,119.30 5 1
github.com/tokendancelab/metapi-go/transform/canonical/openai_bridge.go:119.30,120.39 1 0
github.com/tokendancelab/metapi-go/transform/canonical/openai_bridge.go:120.39,122.4 1 0
github.com/tokendancelab/metapi-go/transform/canonical/openai_bridge.go:124.2,124.69 1 1
github.com/tokendancelab/metapi-go/transform/canonical/openai_bridge.go:124.69,126.3 1 1
github.com/tokendancelab/metapi-go/transform/canonical/openai_bridge.go:127.2,127.37 1 1
github.com/tokendancelab/metapi-go/transform/canonical/openai_bridge.go:127.37,129.3 1 0
github.com/tokendancelab/metapi-go/transform/canonical/openai_bridge.go:131.2,145.4 1 1
github.com/tokendancelab/metapi-go/transform/canonical/openai_bridge.go:153.87,156.53 3 1
github.com/tokendancelab/metapi-go/transform/canonical/openai_bridge.go:156.53,158.3 1 0
github.com/tokendancelab/metapi-go/transform/canonical/openai_bridge.go:160.2,161.41 2 1
github.com/tokendancelab/metapi-go/transform/canonical/openai_bridge.go:161.41,163.3 1 0
github.com/tokendancelab/metapi-go/transform/canonical/openai_bridge.go:165.2,166.51 2 1
github.com/tokendancelab/metapi-go/transform/canonical/openai_bridge.go:166.51,167.46 1 1
github.com/tokendancelab/metapi-go/transform/canonical/openai_bridge.go:167.46,169.9 2 1
github.com/tokendancelab/metapi-go/transform/canonical/openai_bridge.go:172.2,172.46 1 1
github.com/tokendancelab/metapi-go/transform/canonical/openai_bridge.go:172.46,173.63 1 0
github.com/tokendancelab/metapi-go/transform/canonical/openai_bridge.go:173.63,174.55 1 0
github.com/tokendancelab/metapi-go/transform/canonical/openai_bridge.go:174.55,176.10 2 0
github.com/tokendancelab/metapi-go/transform/canonical/openai_bridge.go:181.2,182.42 2 1
github.com/tokendancelab/metapi-go/transform/canonical/openai_bridge.go:182.42,184.3 1 0
github.com/tokendancelab/metapi-go/transform/canonical/openai_bridge.go:186.2,186.56 1 1
github.com/tokendancelab/metapi-go/transform/canonical/openai_bridge.go:186.56,188.3 1 1
github.com/tokendancelab/metapi-go/transform/canonical/openai_bridge.go:190.2,198.3 1 1
github.com/tokendancelab/metapi-go/transform/canonical/openai_bridge.go:201.59,202.23 1 1
github.com/tokendancelab/metapi-go/transform/canonical/openai_bridge.go:202.23,204.3 1 1
github.com/tokendancelab/metapi-go/transform/canonical/openai_bridge.go:205.2,205.59 1 0
github.com/tokendancelab/metapi-go/transform/canonical/openai_bridge.go:208.32,209.23 1 1
github.com/tokendancelab/metapi-go/transform/canonical/openai_bridge.go:210.15,211.27 1 0
github.com/tokendancelab/metapi-go/transform/canonical/openai_bridge.go:211.27,213.4 1 0
github.com/tokendancelab/metapi-go/transform/canonical/openai_bridge.go:214.11,215.17 1 1
github.com/tokendancelab/metapi-go/transform/canonical/openai_bridge.go:216.13,217.22 1 0
github.com/tokendancelab/metapi-go/transform/canonical/openai_bridge.go:219.2,219.17 1 1
github.com/tokendancelab/metapi-go/transform/canonical/openai_bridge.go:222.69,225.34 3 1
github.com/tokendancelab/metapi-go/transform/canonical/openai_bridge.go:225.34,227.10 2 1
github.com/tokendancelab/metapi-go/transform/canonical/openai_bridge.go:227.10,228.12 1 0
github.com/tokendancelab/metapi-go/transform/canonical/openai_bridge.go:230.3,232.23 2 1
github.com/tokendancelab/metapi-go/transform/canonical/openai_bridge.go:232.23,234.24 2 1
github.com/tokendancelab/metapi-go/transform/canonical/openai_bridge.go:234.24,236.5 1 0
github.com/tokendancelab/metapi-go/transform/canonical/openai_bridge.go:237.4,237.24 1 1
github.com/tokendancelab/metapi-go/transform/canonical/openai_bridge.go:237.24,239.5 1 0
github.com/tokendancelab/metapi-go/transform/canonical/openai_bridge.go:240.4,242.40 3 1
github.com/tokendancelab/metapi-go/transform/canonical/openai_bridge.go:242.40,244.5 1 1
github.com/tokendancelab/metapi-go/transform/canonical/openai_bridge.go:244.10,244.53 1 1
github.com/tokendancelab/metapi-go/transform/canonical/openai_bridge.go:244.53,245.56 1 0
github.com/tokendancelab/metapi-go/transform/canonical/openai_bridge.go:245.56,247.6 1 0
github.com/tokendancelab/metapi-go/transform/canonical/openai_bridge.go:249.4,253.24 2 1
github.com/tokendancelab/metapi-go/transform/canonical/openai_bridge.go:253.24,255.5 1 1
github.com/tokendancelab/metapi-go/transform/canonical/openai_bridge.go:256.4,256.41 1 1
github.com/tokendancelab/metapi-go/transform/canonical/openai_bridge.go:256.41,258.5 1 1
github.com/tokendancelab/metapi-go/transform/canonical/openai_bridge.go:258.10,258.56 1 1
github.com/tokendancelab/metapi-go/transform/canonical/openai_bridge.go:258.56,260.5 1 0
github.com/tokendancelab/metapi-go/transform/canonical/openai_bridge.go:261.4,265.12 2 1
github.com/tokendancelab/metapi-go/transform/canonical/openai_bridge.go:268.3,269.28 2 1
github.com/tokendancelab/metapi-go/transform/canonical/openai_bridge.go:269.28,271.4 1 1
github.com/tokendancelab/metapi-go/transform/canonical/openai_bridge.go:272.3,273.32 2 1
github.com/tokendancelab/metapi-go/transform/canonical/openai_bridge.go:273.32,275.11 2 1
github.com/tokendancelab/metapi-go/transform/canonical/openai_bridge.go:275.11,276.13 1 0
github.com/tokendancelab/metapi-go/transform/canonical/openai_bridge.go:278.4,279.17 2 1
github.com/tokendancelab/metapi-go/transform/canonical/openai_bridge.go:279.17,281.5 1 0
github.com/tokendancelab/metapi-go/transform/canonical/openai_bridge.go:282.4,284.18 3 1
github.com/tokendancelab/metapi-go/transform/canonical/openai_bridge.go:284.18,286.5 1 1
github.com/tokendancelab/metapi-go/transform/canonical/openai_bridge.go:287.4,287.18 1 1
github.com/tokendancelab/metapi-go/transform/canonical/openai_bridge.go:287.18,288.13 1 0
github.com/tokendancelab/metapi-go/transform/canonical/openai_bridge.go:290.4,291.45 2 1
github.com/tokendancelab/metapi-go/transform/canonical/openai_bridge.go:291.45,293.5 1 1
github.com/tokendancelab/metapi-go/transform/canonical/openai_bridge.go:293.10,295.5 1 0
github.com/tokendancelab/metapi-go/transform/canonical/openai_bridge.go:296.4,296.16 1 1
github.com/tokendancelab/metapi-go/transform/canonical/openai_bridge.go:296.16,298.5 1 0
github.com/tokendancelab/metapi-go/transform/canonical/openai_bridge.go:299.4,304.6 1 1
github.com/tokendancelab/metapi-go/transform/canonical/openai_bridge.go:307.3,311.56 2 1
github.com/tokendancelab/metapi-go/transform/canonical/openai_bridge.go:311.56,313.4 1 0
github.com/tokendancelab/metapi-go/transform/canonical/openai_bridge.go:314.3,314.66 1 1
github.com/tokendancelab/metapi-go/transform/canonical/openai_bridge.go:314.66,316.4 1 0
github.com/tokendancelab/metapi-go/transform/canonical/openai_bridge.go:317.3,317.35 1 1
github.com/tokendancelab/metapi-go/transform/canonical/openai_bridge.go:319.2,319.17 1 1
github.com/tokendancelab/metapi-go/transform/canonical/openai_bridge.go:322.72,323.35 1 1
github.com/tokendancelab/metapi-go/transform/canonical/openai_bridge.go:323.35,324.14 1 1
github.com/tokendancelab/metapi-go/transform/canonical/openai_bridge.go:324.14,326.4 1 0
github.com/tokendancelab/metapi-go/transform/canonical/openai_bridge.go:327.3,327.59 1 1
github.com/tokendancelab/metapi-go/transform/canonical/openai_bridge.go:330.2,331.9 2 1
github.com/tokendancelab/metapi-go/transform/canonical/openai_bridge.go:331.9,333.3 1 1
github.com/tokendancelab/metapi-go/transform/canonical/openai_bridge.go:335.2,336.27 2 1
github.com/tokendancelab/metapi-go/transform/canonical/openai_bridge.go:336.27,337.33 1 1
github.com/tokendancelab/metapi-go/transform/canonical/openai_bridge.go:337.33,338.15 1 1
github.com/tokendancelab/metapi-go/transform/canonical/openai_bridge.go:338.15,340.5 1 1
github.com/tokendancelab/metapi-go/transform/canonical/openai_bridge.go:341.4,341.12 1 1
github.com/tokendancelab/metapi-go/transform/canonical/openai_bridge.go:343.3,344.10 2 1
github.com/tokendancelab/metapi-go/transform/canonical/openai_bridge.go:344.10,345.12 1 0
github.com/tokendancelab/metapi-go/transform/canonical/openai_bridge.go:347.3,348.12 2 1
github.com/tokendancelab/metapi-go/transform/canonical/openai_bridge.go:349.44,351.18 2 1
github.com/tokendancelab/metapi-go/transform/canonical/openai_bridge.go:351.18,353.5 1 1
github.com/tokendancelab/metapi-go/transform/canonical/openai_bridge.go:354.54,356.18 2 0
github.com/tokendancelab/metapi-go/transform/canonical/openai_bridge.go:356.18,358.5 1 0
github.com/tokendancelab/metapi-go/transform/canonical/openai_bridge.go:359.4,359.18 1 0
github.com/tokendancelab/metapi-go/transform/canonical/openai_bridge.go:359.18,361.5 1 0
github.com/tokendancelab/metapi-go/transform/canonical/openai_bridge.go:362.4,362.18 1 0
github.com/tokendancelab/metapi-go/transform/canonical/openai_bridge.go:362.18,364.5 1 0
github.com/tokendancelab/metapi-go/transform/canonical/openai_bridge.go:365.20,366.53 1 1
github.com/tokendancelab/metapi-go/transform/canonical/openai_bridge.go:366.53,368.18 2 1
github.com/tokendancelab/metapi-go/transform/canonical/openai_bridge.go:368.18,370.6 1 1
github.com/tokendancelab/metapi-go/transform/canonical/openai_bridge.go:372.22,373.53 1 0
github.com/tokendancelab/metapi-go/transform/canonical/openai_bridge.go:373.53,375.18 2 0
github.com/tokendancelab/metapi-go/transform/canonical/openai_bridge.go:375.18,377.6 1 0
github.com/tokendancelab/metapi-go/transform/canonical/openai_bridge.go:379.29,381.25 2 1
github.com/tokendancelab/metapi-go/transform/canonical/openai_bridge.go:381.25,383.32 2 1
github.com/tokendancelab/metapi-go/transform/canonical/openai_bridge.go:383.32,385.6 1 1
github.com/tokendancelab/metapi-go/transform/canonical/openai_bridge.go:386.5,386.33 1 1
github.com/tokendancelab/metapi-go/transform/canonical/openai_bridge.go:386.33,388.6 1 0
github.com/tokendancelab/metapi-go/transform/canonical/openai_bridge.go:389.5,389.34 1 1
github.com/tokendancelab/metapi-go/transform/canonical/openai_bridge.go:389.34,391.6 1 0
github.com/tokendancelab/metapi-go/transform/canonical/openai_bridge.go:392.5,392.35 1 1
github.com/tokendancelab/metapi-go/transform/canonical/openai_bridge.go:392.35,394.6 1 1
github.com/tokendancelab/metapi-go/transform/canonical/openai_bridge.go:395.5,395.34 1 1
github.com/tokendancelab/metapi-go/transform/canonical/openai_bridge.go:395.34,397.6 1 1
github.com/tokendancelab/metapi-go/transform/canonical/openai_bridge.go:398.5,398.29 1 1
github.com/tokendancelab/metapi-go/transform/canonical/openai_bridge.go:402.2,402.14 1 1
github.com/tokendancelab/metapi-go/transform/canonical/openai_bridge.go:405.93,410.21 2 1
github.com/tokendancelab/metapi-go/transform/canonical/openai_bridge.go:410.21,412.3 1 1
github.com/tokendancelab/metapi-go/transform/canonical/openai_bridge.go:413.2,413.27 1 1
github.com/tokendancelab/metapi-go/transform/canonical/openai_bridge.go:413.27,414.61 1 1
github.com/tokendancelab/metapi-go/transform/canonical/openai_bridge.go:414.61,416.4 1 0
github.com/tokendancelab/metapi-go/transform/canonical/openai_bridge.go:418.2,418.102 1 1
github.com/tokendancelab/metapi-go/transform/canonical/openai_bridge.go:421.86,423.50 2 1
github.com/tokendancelab/metapi-go/transform/canonical/openai_bridge.go:423.50,425.3 1 0
github.com/tokendancelab/metapi-go/transform/canonical/openai_bridge.go:426.2,427.54 2 1
github.com/tokendancelab/metapi-go/transform/canonical/openai_bridge.go:427.54,429.3 1 1
github.com/tokendancelab/metapi-go/transform/canonical/openai_bridge.go:430.2,430.57 1 1
github.com/tokendancelab/metapi-go/transform/canonical/openai_bridge.go:430.57,432.3 1 0
github.com/tokendancelab/metapi-go/transform/canonical/openai_bridge.go:433.2,433.60 1 1
github.com/tokendancelab/metapi-go/transform/canonical/openai_bridge.go:433.60,435.3 1 0
github.com/tokendancelab/metapi-go/transform/canonical/openai_bridge.go:436.2,436.55 1 1
github.com/tokendancelab/metapi-go/transform/canonical/openai_bridge.go:436.55,438.3 1 1
github.com/tokendancelab/metapi-go/transform/canonical/openai_bridge.go:439.2,439.56 1 1
github.com/tokendancelab/metapi-go/transform/canonical/openai_bridge.go:439.56,441.3 1 1
github.com/tokendancelab/metapi-go/transform/canonical/openai_bridge.go:442.2,442.19 1 1
github.com/tokendancelab/metapi-go/transform/canonical/openai_bridge.go:446.113,448.18 2 1
github.com/tokendancelab/metapi-go/transform/canonical/openai_bridge.go:448.18,453.3 4 0
github.com/tokendancelab/metapi-go/transform/canonical/openai_bridge.go:454.2,454.31 1 1
github.com/tokendancelab/metapi-go/transform/canonical/openai_bridge.go:454.31,456.3 1 1
github.com/tokendancelab/metapi-go/transform/canonical/openai_bridge.go:457.2,457.35 1 1
github.com/tokendancelab/metapi-go/transform/canonical/openai_bridge.go:457.35,459.3 1 1
github.com/tokendancelab/metapi-go/transform/canonical/openai_bridge.go:460.2,460.26 1 1
github.com/tokendancelab/metapi-go/transform/canonical/openai_bridge.go:460.26,461.53 1 1
github.com/tokendancelab/metapi-go/transform/canonical/openai_bridge.go:461.53,463.4 1 0
github.com/tokendancelab/metapi-go/transform/canonical/openai_bridge.go:465.2,465.45 1 1
github.com/tokendancelab/metapi-go/transform/canonical/openai_bridge.go:468.55,470.9 2 1
github.com/tokendancelab/metapi-go/transform/canonical/openai_bridge.go:470.9,472.3 1 1
github.com/tokendancelab/metapi-go/transform/canonical/openai_bridge.go:473.2,474.27 2 1
github.com/tokendancelab/metapi-go/transform/canonical/openai_bridge.go:474.27,476.10 2 1
github.com/tokendancelab/metapi-go/transform/canonical/openai_bridge.go:476.10,477.12 1 0
github.com/tokendancelab/metapi-go/transform/canonical/openai_bridge.go:479.3,481.29 2 1
github.com/tokendancelab/metapi-go/transform/canonical/openai_bridge.go:481.29,483.11 2 1
github.com/tokendancelab/metapi-go/transform/canonical/openai_bridge.go:483.11,484.13 1 0
github.com/tokendancelab/metapi-go/transform/canonical/openai_bridge.go:486.4,487.18 2 1
github.com/tokendancelab/metapi-go/transform/canonical/openai_bridge.go:487.18,488.13 1 0
github.com/tokendancelab/metapi-go/transform/canonical/openai_bridge.go:490.4,491.62 2 1
github.com/tokendancelab/metapi-go/transform/canonical/openai_bridge.go:491.62,493.5 1 1
github.com/tokendancelab/metapi-go/transform/canonical/openai_bridge.go:494.4,494.45 1 1
github.com/tokendancelab/metapi-go/transform/canonical/openai_bridge.go:494.45,496.5 1 1
github.com/tokendancelab/metapi-go/transform/canonical/openai_bridge.go:497.4,497.59 1 1
github.com/tokendancelab/metapi-go/transform/canonical/openai_bridge.go:497.59,499.5 1 1
github.com/tokendancelab/metapi-go/transform/canonical/openai_bridge.go:500.4,501.12 2 1
github.com/tokendancelab/metapi-go/transform/canonical/openai_bridge.go:504.3,504.81 1 0
github.com/tokendancelab/metapi-go/transform/canonical/openai_bridge.go:504.81,506.61 2 0
github.com/tokendancelab/metapi-go/transform/canonical/openai_bridge.go:506.61,508.5 1 0
github.com/tokendancelab/metapi-go/transform/canonical/openai_bridge.go:509.4,509.44 1 0
github.com/tokendancelab/metapi-go/transform/canonical/openai_bridge.go:509.44,511.5 1 0
github.com/tokendancelab/metapi-go/transform/canonical/openai_bridge.go:512.4,512.60 1 0
github.com/tokendancelab/metapi-go/transform/canonical/openai_bridge.go:512.60,514.5 1 0
github.com/tokendancelab/metapi-go/transform/canonical/openai_bridge.go:514.10,514.66 1 0
github.com/tokendancelab/metapi-go/transform/canonical/openai_bridge.go:514.66,516.5 1 0
github.com/tokendancelab/metapi-go/transform/canonical/openai_bridge.go:517.4,518.12 2 0
github.com/tokendancelab/metapi-go/transform/canonical/openai_bridge.go:521.3,521.55 1 0
github.com/tokendancelab/metapi-go/transform/canonical/openai_bridge.go:521.55,522.29 1 0
github.com/tokendancelab/metapi-go/transform/canonical/openai_bridge.go:522.29,524.12 2 0
github.com/tokendancelab/metapi-go/transform/canonical/openai_bridge.go:524.12,525.14 1 0
github.com/tokendancelab/metapi-go/transform/canonical/openai_bridge.go:527.5,528.19 2 0
github.com/tokendancelab/metapi-go/transform/canonical/openai_bridge.go:528.19,529.14 1 0
github.com/tokendancelab/metapi-go/transform/canonical/openai_bridge.go:531.5,532.63 2 0
github.com/tokendancelab/metapi-go/transform/canonical/openai_bridge.go:532.63,534.6 1 0
github.com/tokendancelab/metapi-go/transform/canonical/openai_bridge.go:535.5,535.70 1 0
github.com/tokendancelab/metapi-go/transform/canonical/openai_bridge.go:535.70,537.6 1 0
github.com/tokendancelab/metapi-go/transform/canonical/openai_bridge.go:537.11,537.67 1 0
github.com/tokendancelab/metapi-go/transform/canonical/openai_bridge.go:537.67,539.6 1 0
github.com/tokendancelab/metapi-go/transform/canonical/openai_bridge.go:540.5,540.29 1 0
github.com/tokendancelab/metapi-go/transform/canonical/openai_bridge.go:542.4,542.12 1 0
github.com/tokendancelab/metapi-go/transform/canonical/openai_bridge.go:545.3,545.21 1 0
github.com/tokendancelab/metapi-go/transform/canonical/openai_bridge.go:545.21,550.4 1 0
github.com/tokendancelab/metapi-go/transform/canonical/openai_bridge.go:552.2,552.21 1 1
github.com/tokendancelab/metapi-go/transform/canonical/openai_bridge.go:552.21,554.3 1 0
github.com/tokendancelab/metapi-go/transform/canonical/openai_bridge.go:555.2,555.14 1 1
github.com/tokendancelab/metapi-go/transform/canonical/openai_bridge.go:558.61,559.16 1 1
github.com/tokendancelab/metapi-go/transform/canonical/openai_bridge.go:559.16,561.3 1 1
github.com/tokendancelab/metapi-go/transform/canonical/openai_bridge.go:563.2,563.31 1 1
github.com/tokendancelab/metapi-go/transform/canonical/openai_bridge.go:563.31,565.21 2 1
github.com/tokendancelab/metapi-go/transform/canonical/openai_bridge.go:566.35,567.49 1 1
github.com/tokendancelab/metapi-go/transform/canonical/openai_bridge.go:568.14,569.49 1 0
github.com/tokendancelab/metapi-go/transform/canonical/openai_bridge.go:570.11,571.15 1 0
github.com/tokendancelab/metapi-go/transform/canonical/openai_bridge.go:571.15,573.5 1 0
github.com/tokendancelab/metapi-go/transform/canonical/openai_bridge.go:574.4,574.14 1 0
github.com/tokendancelab/metapi-go/transform/canonical/openai_bridge.go:578.2,579.9 2 1
github.com/tokendancelab/metapi-go/transform/canonical/openai_bridge.go:579.9,581.3 1 0
github.com/tokendancelab/metapi-go/transform/canonical/openai_bridge.go:583.2,584.11 2 1
github.com/tokendancelab/metapi-go/transform/canonical/openai_bridge.go:585.22,586.39 1 0
github.com/tokendancelab/metapi-go/transform/canonical/openai_bridge.go:587.25,588.48 1 0
github.com/tokendancelab/metapi-go/transform/canonical/openai_bridge.go:589.18,592.17 3 1
github.com/tokendancelab/metapi-go/transform/canonical/openai_bridge.go:592.17,594.4 1 0
github.com/tokendancelab/metapi-go/transform/canonical/openai_bridge.go:595.3,595.17 1 1
github.com/tokendancelab/metapi-go/transform/canonical/openai_bridge.go:595.17,597.4 1 1
github.com/tokendancelab/metapi-go/transform/canonical/openai_bridge.go:598.3,598.13 1 0
github.com/tokendancelab/metapi-go/transform/canonical/openai_bridge.go:599.10,600.29 1 0
github.com/tokendancelab/metapi-go/transform/canonical/openai_bridge.go:600.29,602.4 1 0
github.com/tokendancelab/metapi-go/transform/canonical/openai_bridge.go:605.2,606.16 2 0
github.com/tokendancelab/metapi-go/transform/canonical/openai_bridge.go:606.16,607.49 1 0
github.com/tokendancelab/metapi-go/transform/canonical/openai_bridge.go:607.49,609.4 1 0
github.com/tokendancelab/metapi-go/transform/canonical/openai_bridge.go:611.2,612.19 2 0
github.com/tokendancelab/metapi-go/transform/canonical/openai_bridge.go:612.19,613.48 1 0
github.com/tokendancelab/metapi-go/transform/canonical/openai_bridge.go:613.48,615.9 2 0
github.com/tokendancelab/metapi-go/transform/canonical/openai_bridge.go:618.2,618.14 1 0
github.com/tokendancelab/metapi-go/transform/canonical/openai_bridge.go:618.14,620.3 1 0
github.com/tokendancelab/metapi-go/transform/canonical/openai_bridge.go:621.2,621.16 1 0
github.com/tokendancelab/metapi-go/transform/canonical/openai_bridge.go:621.16,623.3 1 0
github.com/tokendancelab/metapi-go/transform/canonical/openai_bridge.go:624.2,624.68 1 0
github.com/tokendancelab/metapi-go/transform/canonical/openai_bridge.go:630.84,633.35 2 1
github.com/tokendancelab/metapi-go/transform/canonical/openai_bridge.go:633.35,634.27 1 1
github.com/tokendancelab/metapi-go/transform/canonical/openai_bridge.go:634.27,635.35 1 1
github.com/tokendancelab/metapi-go/transform/canonical/openai_bridge.go:635.35,636.36 1 1
github.com/tokendancelab/metapi-go/transform/canonical/openai_bridge.go:636.36,637.14 1 0
github.com/tokendancelab/metapi-go/transform/canonical/openai_bridge.go:639.5,640.23 2 1
github.com/tokendancelab/metapi-go/transform/canonical/openai_bridge.go:640.23,641.31 1 1
github.com/tokendancelab/metapi-go/transform/canonical/openai_bridge.go:641.31,643.7 1 1
github.com/tokendancelab/metapi-go/transform/canonical/openai_bridge.go:643.12,645.7 1 0
github.com/tokendancelab/metapi-go/transform/canonical/openai_bridge.go:647.5,651.7 1 1
github.com/tokendancelab/metapi-go/transform/canonical/openai_bridge.go:653.4,653.12 1 1
github.com/tokendancelab/metapi-go/transform/canonical/openai_bridge.go:656.3,661.61 3 1
github.com/tokendancelab/metapi-go/transform/canonical/openai_bridge.go:661.61,663.4 1 0
github.com/tokendancelab/metapi-go/transform/canonical/openai_bridge.go:664.3,664.22 1 1
github.com/tokendancelab/metapi-go/transform/canonical/openai_bridge.go:664.22,666.4 1 0
github.com/tokendancelab/metapi-go/transform/canonical/openai_bridge.go:667.3,667.35 1 1
github.com/tokendancelab/metapi-go/transform/canonical/openai_bridge.go:667.35,669.4 1 0
github.com/tokendancelab/metapi-go/transform/canonical/openai_bridge.go:670.3,670.64 1 1
github.com/tokendancelab/metapi-go/transform/canonical/openai_bridge.go:670.64,672.80 2 1
github.com/tokendancelab/metapi-go/transform/canonical/openai_bridge.go:672.80,674.5 1 0
github.com/tokendancelab/metapi-go/transform/canonical/openai_bridge.go:676.3,676.39 1 1
github.com/tokendancelab/metapi-go/transform/canonical/openai_bridge.go:679.2,685.26 2 1
github.com/tokendancelab/metapi-go/transform/canonical/openai_bridge.go:685.26,686.33 1 1
github.com/tokendancelab/metapi-go/transform/canonical/openai_bridge.go:686.33,688.4 1 1
github.com/tokendancelab/metapi-go/transform/canonical/openai_bridge.go:689.3,689.37 1 1
github.com/tokendancelab/metapi-go/transform/canonical/openai_bridge.go:689.37,691.4 1 1
github.com/tokendancelab/metapi-go/transform/canonical/openai_bridge.go:692.3,692.34 1 1
github.com/tokendancelab/metapi-go/transform/canonical/openai_bridge.go:692.34,694.4 1 0
github.com/tokendancelab/metapi-go/transform/canonical/openai_bridge.go:697.2,698.75 2 1
github.com/tokendancelab/metapi-go/transform/canonical/openai_bridge.go:698.75,700.3 1 0
github.com/tokendancelab/metapi-go/transform/canonical/openai_bridge.go:701.2,702.32 2 1
github.com/tokendancelab/metapi-go/transform/canonical/openai_bridge.go:702.32,703.64 1 0
github.com/tokendancelab/metapi-go/transform/canonical/openai_bridge.go:703.64,704.33 1 0
github.com/tokendancelab/metapi-go/transform/canonical/openai_bridge.go:704.33,705.65 1 0
github.com/tokendancelab/metapi-go/transform/canonical/openai_bridge.go:705.65,707.6 1 0
github.com/tokendancelab/metapi-go/transform/canonical/openai_bridge.go:711.2,711.67 1 1
github.com/tokendancelab/metapi-go/transform/canonical/openai_bridge.go:711.67,713.3 1 1
github.com/tokendancelab/metapi-go/transform/canonical/openai_bridge.go:715.2,717.42 3 1
github.com/tokendancelab/metapi-go/transform/canonical/openai_bridge.go:717.42,718.18 1 1
github.com/tokendancelab/metapi-go/transform/canonical/openai_bridge.go:718.18,721.4 2 1
github.com/tokendancelab/metapi-go/transform/canonical/openai_bridge.go:723.2,723.28 1 1
github.com/tokendancelab/metapi-go/transform/canonical/openai_bridge.go:723.28,725.3 1 1
github.com/tokendancelab/metapi-go/transform/canonical/openai_bridge.go:727.2,728.25 2 1
github.com/tokendancelab/metapi-go/transform/canonical/openai_bridge.go:728.25,729.34 1 0
github.com/tokendancelab/metapi-go/transform/canonical/openai_bridge.go:729.34,731.4 1 0
github.com/tokendancelab/metapi-go/transform/canonical/openai_bridge.go:733.2,734.23 2 1
github.com/tokendancelab/metapi-go/transform/canonical/openai_bridge.go:734.23,737.3 1 0
github.com/tokendancelab/metapi-go/transform/canonical/openai_bridge.go:739.2,739.30 1 1
github.com/tokendancelab/metapi-go/transform/canonical/openai_bridge.go:739.30,741.3 1 0
github.com/tokendancelab/metapi-go/transform/canonical/openai_bridge.go:743.2,743.24 1 1
github.com/tokendancelab/metapi-go/transform/canonical/openai_bridge.go:743.24,745.34 2 1
github.com/tokendancelab/metapi-go/transform/canonical/openai_bridge.go:745.34,746.20 1 1
github.com/tokendancelab/metapi-go/transform/canonical/openai_bridge.go:746.20,748.66 2 0
github.com/tokendancelab/metapi-go/transform/canonical/openai_bridge.go:748.66,750.6 1 0
github.com/tokendancelab/metapi-go/transform/canonical/openai_bridge.go:751.5,751.31 1 0
github.com/tokendancelab/metapi-go/transform/canonical/openai_bridge.go:752.10,754.22 2 1
github.com/tokendancelab/metapi-go/transform/canonical/openai_bridge.go:754.22,756.6 1 0
github.com/tokendancelab/metapi-go/transform/canonical/openai_bridge.go:757.5,761.33 2 1
github.com/tokendancelab/metapi-go/transform/canonical/openai_bridge.go:761.33,763.6 1 1
github.com/tokendancelab/metapi-go/transform/canonical/openai_bridge.go:764.5,764.22 1 1
github.com/tokendancelab/metapi-go/transform/canonical/openai_bridge.go:764.22,766.6 1 1
github.com/tokendancelab/metapi-go/transform/canonical/openai_bridge.go:767.5,770.7 1 1
github.com/tokendancelab/metapi-go/transform/canonical/openai_bridge.go:773.3,773.24 1 1
github.com/tokendancelab/metapi-go/transform/canonical/openai_bridge.go:776.2,777.15 2 1
github.com/tokendancelab/metapi-go/transform/canonical/openai_bridge.go:777.15,779.3 1 1
github.com/tokendancelab/metapi-go/transform/canonical/openai_bridge.go:781.2,781.28 1 1
github.com/tokendancelab/metapi-go/transform/canonical/openai_bridge.go:781.28,782.37 1 1
github.com/tokendancelab/metapi-go/transform/canonical/openai_bridge.go:782.37,783.52 1 1
github.com/tokendancelab/metapi-go/transform/canonical/openai_bridge.go:783.52,784.13 1 0
github.com/tokendancelab/metapi-go/transform/canonical/openai_bridge.go:786.4,786.31 1 1
github.com/tokendancelab/metapi-go/transform/canonical/openai_bridge.go:790.2,790.13 1 1
github.com/tokendancelab/metapi-go/transform/canonical/openai_bridge.go:799.113,805.29 5 1
github.com/tokendancelab/metapi-go/transform/canonical/openai_bridge.go:805.29,806.20 1 1
github.com/tokendancelab/metapi-go/transform/canonical/openai_bridge.go:807.17,808.20 1 1
github.com/tokendancelab/metapi-go/transform/canonical/openai_bridge.go:808.20,810.5 1 0
github.com/tokendancelab/metapi-go/transform/canonical/openai_bridge.go:810.10,812.5 1 1
github.com/tokendancelab/metapi-go/transform/canonical/openai_bridge.go:813.18,815.17 2 1
github.com/tokendancelab/metapi-go/transform/canonical/openai_bridge.go:815.17,817.5 1 0
github.com/tokendancelab/metapi-go/transform/canonical/openai_bridge.go:818.4,818.17 1 1
github.com/tokendancelab/metapi-go/transform/canonical/openai_bridge.go:818.17,823.5 1 1
github.com/tokendancelab/metapi-go/transform/canonical/openai_bridge.go:824.17,831.24 2 0
github.com/tokendancelab/metapi-go/transform/canonical/openai_bridge.go:831.24,833.5 1 0
github.com/tokendancelab/metapi-go/transform/canonical/openai_bridge.go:834.21,842.6 1 1
github.com/tokendancelab/metapi-go/transform/canonical/openai_bridge.go:843.23,844.24 1 0
github.com/tokendancelab/metapi-go/transform/canonical/openai_bridge.go:844.24,846.19 2 0
github.com/tokendancelab/metapi-go/transform/canonical/openai_bridge.go:846.19,847.50 1 0
github.com/tokendancelab/metapi-go/transform/canonical/openai_bridge.go:847.50,849.7 1 0
github.com/tokendancelab/metapi-go/transform/canonical/openai_bridge.go:849.12,851.7 1 0
github.com/tokendancelab/metapi-go/transform/canonical/openai_bridge.go:853.5,853.19 1 0
github.com/tokendancelab/metapi-go/transform/canonical/openai_bridge.go:853.19,855.6 1 0
github.com/tokendancelab/metapi-go/transform/canonical/openai_bridge.go:860.2,865.29 2 1
github.com/tokendancelab/metapi-go/transform/canonical/openai_bridge.go:865.29,868.3 2 1
github.com/tokendancelab/metapi-go/transform/canonical/openai_bridge.go:870.2,870.26 1 1
github.com/tokendancelab/metapi-go/transform/canonical/openai_bridge.go:870.26,875.3 1 1
github.com/tokendancelab/metapi-go/transform/canonical/openai_bridge.go:877.2,878.15 2 1
github.com/tokendancelab/metapi-go/transform/canonical/openai_bridge.go:881.80,886.60 5 0
github.com/tokendancelab/metapi-go/transform/canonical/openai_bridge.go:886.60,888.3 1 0
github.com/tokendancelab/metapi-go/transform/canonical/openai_bridge.go:889.2,889.20 1 0
github.com/tokendancelab/metapi-go/transform/canonical/openai_bridge.go:889.20,891.3 1 0
github.com/tokendancelab/metapi-go/transform/canonical/openai_bridge.go:893.2,893.53 1 0
github.com/tokendancelab/metapi-go/transform/canonical/openai_bridge.go:893.53,895.3 1 0
github.com/tokendancelab/metapi-go/transform/canonical/openai_bridge.go:897.2,898.20 2 0
github.com/tokendancelab/metapi-go/transform/canonical/openai_bridge.go:898.20,900.3 1 0
github.com/tokendancelab/metapi-go/transform/canonical/openai_bridge.go:901.2,901.37 1 0
github.com/tokendancelab/metapi-go/transform/canonical/openai_bridge.go:901.37,903.3 1 0
github.com/tokendancelab/metapi-go/transform/canonical/openai_bridge.go:904.2,904.18 1 0
github.com/tokendancelab/metapi-go/transform/canonical/openai_bridge.go:904.18,906.3 1 0
github.com/tokendancelab/metapi-go/transform/canonical/openai_bridge.go:907.2,907.20 1 0
github.com/tokendancelab/metapi-go/transform/canonical/openai_bridge.go:907.20,909.3 1 0
github.com/tokendancelab/metapi-go/transform/canonical/openai_bridge.go:910.2,910.20 1 0
github.com/tokendancelab/metapi-go/transform/canonical/openai_bridge.go:910.20,912.3 1 0
github.com/tokendancelab/metapi-go/transform/canonical/openai_bridge.go:913.2,916.3 1 0
github.com/tokendancelab/metapi-go/transform/canonical/openai_bridge.go:919.63,920.15 1 1
github.com/tokendancelab/metapi-go/transform/canonical/openai_bridge.go:920.15,922.3 1 1
github.com/tokendancelab/metapi-go/transform/canonical/openai_bridge.go:923.2,923.17 1 1
github.com/tokendancelab/metapi-go/transform/canonical/openai_bridge.go:924.22,925.17 1 1
github.com/tokendancelab/metapi-go/transform/canonical/openai_bridge.go:926.18,927.20 1 0
github.com/tokendancelab/metapi-go/transform/canonical/openai_bridge.go:928.13,929.34 1 0
github.com/tokendancelab/metapi-go/transform/canonical/openai_bridge.go:930.14,936.4 1 1
github.com/tokendancelab/metapi-go/transform/canonical/openai_bridge.go:938.2,938.12 1 0
github.com/tokendancelab/metapi-go/transform/canonical/openai_bridge.go:942.115,943.17 1 1
github.com/tokendancelab/metapi-go/transform/canonical/openai_bridge.go:943.17,945.3 1 1
github.com/tokendancelab/metapi-go/transform/canonical/openai_bridge.go:946.2,946.31 1 1
github.com/tokendancelab/metapi-go/transform/canonical/openai_bridge.go:946.31,948.3 1 1
github.com/tokendancelab/metapi-go/transform/canonical/openai_bridge.go:949.2,949.35 1 1
github.com/tokendancelab/metapi-go/transform/canonical/openai_bridge.go:949.35,951.3 1 1
github.com/tokendancelab/metapi-go/transform/canonical/openai_bridge.go:952.2,952.26 1 1
github.com/tokendancelab/metapi-go/transform/canonical/openai_bridge.go:952.26,953.22 1 0
github.com/tokendancelab/metapi-go/transform/canonical/openai_bridge.go:953.22,955.4 1 0
github.com/tokendancelab/metapi-go/transform/canonical/openai_bridge.go:956.3,956.49 1 0
github.com/tokendancelab/metapi-go/transform/canonical/openai_bridge.go:960.29,961.14 1 0
github.com/tokendancelab/metapi-go/transform/canonical/openai_bridge.go:961.14,963.3 1 0
[...]
github.com/tokendancelab/metapi-go/platform/sub2api.go:619.19,620.29 1 1
github.com/tokendancelab/metapi-go/platform/sub2api.go:621.22,622.17 1 1
github.com/tokendancelab/metapi-go/platform/sub2api.go:623.31,624.51 1 1
github.com/tokendancelab/metapi-go/platform/sub2api.go:624.51,626.5 1 1
github.com/tokendancelab/metapi-go/platform/sub2api.go:626.10,626.60 1 1
github.com/tokendancelab/metapi-go/platform/sub2api.go:626.60,628.5 1 0
github.com/tokendancelab/metapi-go/platform/sub2api.go:632.2,634.33 3 1
github.com/tokendancelab/metapi-go/platform/sub2api.go:634.33,636.27 2 1
github.com/tokendancelab/metapi-go/platform/sub2api.go:637.15,638.31 1 1
github.com/tokendancelab/metapi-go/platform/sub2api.go:639.31,640.38 1 1
github.com/tokendancelab/metapi-go/platform/sub2api.go:640.38,642.5 1 1
github.com/tokendancelab/metapi-go/platform/sub2api.go:642.10,642.46 1 0
github.com/tokendancelab/metapi-go/platform/sub2api.go:642.46,644.5 1 0
github.com/tokendancelab/metapi-go/platform/sub2api.go:646.3,647.32 2 1
github.com/tokendancelab/metapi-go/platform/sub2api.go:647.32,650.4 2 1
github.com/tokendancelab/metapi-go/platform/sub2api.go:652.2,652.15 1 1
github.com/tokendancelab/metapi-go/platform/sub2api.go:655.134,662.37 3 1
github.com/tokendancelab/metapi-go/platform/sub2api.go:662.37,664.17 2 1
github.com/tokendancelab/metapi-go/platform/sub2api.go:664.17,665.12 1 1
github.com/tokendancelab/metapi-go/platform/sub2api.go:667.3,668.17 2 0
github.com/tokendancelab/metapi-go/platform/sub2api.go:668.17,669.12 1 0
github.com/tokendancelab/metapi-go/platform/sub2api.go:671.3,672.21 2 0
github.com/tokendancelab/metapi-go/platform/sub2api.go:672.21,674.4 1 0
github.com/tokendancelab/metapi-go/platform/sub2api.go:677.2,677.17 1 1
github.com/tokendancelab/metapi-go/platform/sub2api.go:680.76,682.25 2 0
github.com/tokendancelab/metapi-go/platform/sub2api.go:683.21,684.15 1 0
github.com/tokendancelab/metapi-go/platform/sub2api.go:685.30,686.50 1 0
github.com/tokendancelab/metapi-go/platform/sub2api.go:686.50,688.4 1 0
github.com/tokendancelab/metapi-go/platform/sub2api.go:688.9,688.56 1 0
github.com/tokendancelab/metapi-go/platform/sub2api.go:688.56,690.4 1 0
github.com/tokendancelab/metapi-go/platform/sub2api.go:690.9,690.56 1 0
github.com/tokendancelab/metapi-go/platform/sub2api.go:690.56,692.4 1 0
github.com/tokendancelab/metapi-go/platform/sub2api.go:695.2,696.35 2 0
github.com/tokendancelab/metapi-go/platform/sub2api.go:696.35,698.10 2 0
github.com/tokendancelab/metapi-go/platform/sub2api.go:698.10,699.12 1 0
github.com/tokendancelab/metapi-go/platform/sub2api.go:702.3,704.16 3 0
github.com/tokendancelab/metapi-go/platform/sub2api.go:704.16,705.12 1 0
github.com/tokendancelab/metapi-go/platform/sub2api.go:708.3,709.26 2 0
github.com/tokendancelab/metapi-go/platform/sub2api.go:709.26,710.12 1 0
github.com/tokendancelab/metapi-go/platform/sub2api.go:713.3,715.17 3 0
github.com/tokendancelab/metapi-go/platform/sub2api.go:715.17,717.4 1 0
github.com/tokendancelab/metapi-go/platform/sub2api.go:719.3,720.36 2 0
github.com/tokendancelab/metapi-go/platform/sub2api.go:720.36,721.30 1 0
github.com/tokendancelab/metapi-go/platform/sub2api.go:722.14,723.16 1 0
github.com/tokendancelab/metapi-go/platform/sub2api.go:724.17,725.21 1 0
github.com/tokendancelab/metapi-go/platform/sub2api.go:726.16,728.111 2 0
github.com/tokendancelab/metapi-go/platform/sub2api.go:732.3,733.56 2 0
github.com/tokendancelab/metapi-go/platform/sub2api.go:733.56,735.4 1 0
github.com/tokendancelab/metapi-go/platform/sub2api.go:735.9,735.53 1 0
github.com/tokendancelab/metapi-go/platform/sub2api.go:735.53,737.4 1 0
github.com/tokendancelab/metapi-go/platform/sub2api.go:737.9,737.48 1 0
github.com/tokendancelab/metapi-go/platform/sub2api.go:737.48,739.4 1 0
github.com/tokendancelab/metapi-go/platform/sub2api.go:741.3,747.5 1 0
github.com/tokendancelab/metapi-go/platform/sub2api.go:749.2,749.14 1 0
github.com/tokendancelab/metapi-go/platform/sub2api.go:752.116,762.37 3 1
github.com/tokendancelab/metapi-go/platform/sub2api.go:762.37,764.17 2 1
github.com/tokendancelab/metapi-go/platform/sub2api.go:764.17,765.12 1 1
github.com/tokendancelab/metapi-go/platform/sub2api.go:768.3,770.22 3 0
github.com/tokendancelab/metapi-go/platform/sub2api.go:770.22,772.4 1 0
github.com/tokendancelab/metapi-go/platform/sub2api.go:774.2,774.12 1 1
github.com/tokendancelab/metapi-go/platform/sub2api.go:777.95,778.57 1 0
github.com/tokendancelab/metapi-go/platform/sub2api.go:778.57,779.43 1 0
github.com/tokendancelab/metapi-go/platform/sub2api.go:779.43,781.4 1 0
github.com/tokendancelab/metapi-go/platform/sub2api.go:783.2,783.13 1 0
github.com/tokendancelab/metapi-go/platform/sub2api.go:786.83,788.37 2 0
github.com/tokendancelab/metapi-go/platform/sub2api.go:789.21,790.15 1 0
github.com/tokendancelab/metapi-go/platform/sub2api.go:792.2,792.21 1 0
github.com/tokendancelab/metapi-go/platform/sub2api.go:792.21,793.69 1 0
github.com/tokendancelab/metapi-go/platform/sub2api.go:793.69,795.4 1 0
github.com/tokendancelab/metapi-go/platform/sub2api.go:797.2,797.21 1 0
github.com/tokendancelab/metapi-go/platform/sub2api.go:797.21,799.3 1 0
github.com/tokendancelab/metapi-go/platform/sub2api.go:800.2,800.21 1 0
github.com/tokendancelab/metapi-go/platform/sub2api.go:800.21,802.3 1 0
github.com/tokendancelab/metapi-go/platform/sub2api.go:803.2,803.21 1 0
github.com/tokendancelab/metapi-go/platform/sub2api.go:803.21,806.3 1 0
github.com/tokendancelab/metapi-go/platform/sub2api.go:808.2,810.32 3 0
github.com/tokendancelab/metapi-go/platform/sub2api.go:810.32,811.27 1 0
github.com/tokendancelab/metapi-go/platform/sub2api.go:812.16,813.13 1 0
github.com/tokendancelab/metapi-go/platform/sub2api.go:813.13,815.17 2 0
github.com/tokendancelab/metapi-go/platform/sub2api.go:815.17,818.6 2 0
github.com/tokendancelab/metapi-go/platform/sub2api.go:820.15,822.27 2 0
github.com/tokendancelab/metapi-go/platform/sub2api.go:822.27,825.5 2 0
github.com/tokendancelab/metapi-go/platform/sub2api.go:826.31,828.57 1 0
github.com/tokendancelab/metapi-go/platform/sub2api.go:828.57,830.17 2 0
github.com/tokendancelab/metapi-go/platform/sub2api.go:830.17,833.6 2 0
github.com/tokendancelab/metapi-go/platform/sub2api.go:834.5,834.13 1 0
github.com/tokendancelab/metapi-go/platform/sub2api.go:836.4,836.49 1 0
github.com/tokendancelab/metapi-go/platform/sub2api.go:836.49,838.17 2 0
github.com/tokendancelab/metapi-go/platform/sub2api.go:838.17,841.6 2 0
github.com/tokendancelab/metapi-go/platform/sub2api.go:842.5,842.13 1 0
github.com/tokendancelab/metapi-go/platform/sub2api.go:844.4,844.73 1 0
github.com/tokendancelab/metapi-go/platform/sub2api.go:844.73,847.13 3 0
github.com/tokendancelab/metapi-go/platform/sub2api.go:849.4,849.79 1 0
github.com/tokendancelab/metapi-go/platform/sub2api.go:849.79,852.5 2 0
github.com/tokendancelab/metapi-go/platform/sub2api.go:855.2,855.15 1 0
github.com/tokendancelab/metapi-go/platform/sub2api.go:858.125,865.37 3 1
github.com/tokendancelab/metapi-go/platform/sub2api.go:865.37,867.17 2 1
github.com/tokendancelab/metapi-go/platform/sub2api.go:867.17,868.12 1 1
github.com/tokendancelab/metapi-go/platform/sub2api.go:871.3,873.24 3 0
github.com/tokendancelab/metapi-go/platform/sub2api.go:873.24,875.4 1 0
github.com/tokendancelab/metapi-go/platform/sub2api.go:877.2,877.12 1 1
github.com/tokendancelab/metapi-go/platform/sub2api.go:880.97,882.53 2 0
github.com/tokendancelab/metapi-go/platform/sub2api.go:882.53,884.3 1 0
github.com/tokendancelab/metapi-go/platform/sub2api.go:884.8,884.62 1 0
github.com/tokendancelab/metapi-go/platform/sub2api.go:884.62,886.3 1 0
github.com/tokendancelab/metapi-go/platform/sub2api.go:886.8,886.60 1 0
github.com/tokendancelab/metapi-go/platform/sub2api.go:886.60,888.3 1 0
github.com/tokendancelab/metapi-go/platform/sub2api.go:890.2,892.32 3 0
github.com/tokendancelab/metapi-go/platform/sub2api.go:892.32,894.10 2 0
github.com/tokendancelab/metapi-go/platform/sub2api.go:894.10,895.12 1 0
github.com/tokendancelab/metapi-go/platform/sub2api.go:897.3,897.56 1 0
github.com/tokendancelab/metapi-go/platform/sub2api.go:897.56,899.16 2 0
github.com/tokendancelab/metapi-go/platform/sub2api.go:899.16,902.5 2 0
github.com/tokendancelab/metapi-go/platform/sub2api.go:905.2,905.15 1 0
github.com/tokendancelab/metapi-go/platform/sub2api.go:908.151,913.16 4 1
github.com/tokendancelab/metapi-go/platform/sub2api.go:913.16,916.3 1 1
github.com/tokendancelab/metapi-go/platform/sub2api.go:918.2,919.16 2 0
github.com/tokendancelab/metapi-go/platform/sub2api.go:919.16,921.3 1 0
github.com/tokendancelab/metapi-go/platform/sub2api.go:923.2,923.46 1 0
github.com/tokendancelab/metapi-go/platform/sub2api.go:926.164,928.45 2 1
github.com/tokendancelab/metapi-go/platform/sub2api.go:928.45,930.17 2 1
github.com/tokendancelab/metapi-go/platform/sub2api.go:930.17,931.12 1 1
github.com/tokendancelab/metapi-go/platform/sub2api.go:933.3,934.17 2 0
github.com/tokendancelab/metapi-go/platform/sub2api.go:934.17,935.12 1 0
github.com/tokendancelab/metapi-go/platform/sub2api.go:937.3,937.47 1 0
github.com/tokendancelab/metapi-go/platform/sub2api.go:939.2,939.17 1 1
github.com/tokendancelab/metapi-go/platform/sub2api.go:942.89,949.17 5 0
github.com/tokendancelab/metapi-go/platform/sub2api.go:949.17,950.51 1 0
github.com/tokendancelab/metapi-go/platform/sub2api.go:950.51,952.4 1 0
github.com/tokendancelab/metapi-go/platform/sub2api.go:952.9,952.57 1 0
github.com/tokendancelab/metapi-go/platform/sub2api.go:952.57,954.4 1 0
github.com/tokendancelab/metapi-go/platform/sub2api.go:956.3,956.53 1 0
github.com/tokendancelab/metapi-go/platform/sub2api.go:956.53,958.4 1 0
github.com/tokendancelab/metapi-go/platform/sub2api.go:958.9,958.58 1 0
github.com/tokendancelab/metapi-go/platform/sub2api.go:958.58,960.4 1 0
github.com/tokendancelab/metapi-go/platform/sub2api.go:963.2,963.22 1 0
github.com/tokendancelab/metapi-go/platform/sub2api.go:963.22,965.3 1 0
github.com/tokendancelab/metapi-go/platform/sub2api.go:967.2,967.23 1 0
github.com/tokendancelab/metapi-go/platform/sub2api.go:967.23,968.37 1 0
github.com/tokendancelab/metapi-go/platform/sub2api.go:968.37,969.33 1 0
github.com/tokendancelab/metapi-go/platform/sub2api.go:969.33,971.5 1 0
github.com/tokendancelab/metapi-go/platform/sub2api.go:973.3,973.52 1 0
github.com/tokendancelab/metapi-go/platform/sub2api.go:976.2,980.3 1 0
github.com/tokendancelab/metapi-go/platform/sub2api.go:983.92,985.25 2 0
github.com/tokendancelab/metapi-go/platform/sub2api.go:986.21,987.15 1 0
github.com/tokendancelab/metapi-go/platform/sub2api.go:988.30,989.56 1 0
github.com/tokendancelab/metapi-go/platform/sub2api.go:989.56,991.4 1 0
github.com/tokendancelab/metapi-go/platform/sub2api.go:991.9,991.55 1 0
github.com/tokendancelab/metapi-go/platform/sub2api.go:991.55,993.4 1 0
github.com/tokendancelab/metapi-go/platform/sub2api.go:993.9,993.54 1 0
github.com/tokendancelab/metapi-go/platform/sub2api.go:993.54,995.4 1 0
github.com/tokendancelab/metapi-go/platform/sub2api.go:995.9,995.54 1 0
github.com/tokendancelab/metapi-go/platform/sub2api.go:995.54,997.4 1 0
github.com/tokendancelab/metapi-go/platform/sub2api.go:1000.2,1001.32 2 0
github.com/tokendancelab/metapi-go/platform/sub2api.go:1001.32,1003.10 2 0
github.com/tokendancelab/metapi-go/platform/sub2api.go:1003.10,1004.12 1 0
github.com/tokendancelab/metapi-go/platform/sub2api.go:1006.3,1006.62 1 0
github.com/tokendancelab/metapi-go/platform/sub2api.go:1006.62,1008.4 1 0
github.com/tokendancelab/metapi-go/platform/sub2api.go:1010.2,1010.15 1 0
github.com/tokendancelab/metapi-go/platform/sub2api.go:1013.104,1016.44 2 0
github.com/tokendancelab/metapi-go/platform/sub2api.go:1016.44,1018.3 1 0
github.com/tokendancelab/metapi-go/platform/sub2api.go:1021.2,1022.52 2 0
github.com/tokendancelab/metapi-go/platform/sub2api.go:1022.52,1024.3 1 0
github.com/tokendancelab/metapi-go/platform/sub2api.go:1024.8,1024.58 1 0
github.com/tokendancelab/metapi-go/platform/sub2api.go:1024.58,1026.3 1 0
github.com/tokendancelab/metapi-go/platform/sub2api.go:1026.8,1026.28 1 0
github.com/tokendancelab/metapi-go/platform/sub2api.go:1026.28,1027.51 1 0
github.com/tokendancelab/metapi-go/platform/sub2api.go:1027.51,1029.4 1 0
github.com/tokendancelab/metapi-go/platform/sub2api.go:1033.2,1034.52 2 0
github.com/tokendancelab/metapi-go/platform/sub2api.go:1034.52,1036.3 1 0
github.com/tokendancelab/metapi-go/platform/sub2api.go:1037.2,1037.51 1 0
github.com/tokendancelab/metapi-go/platform/sub2api.go:1037.51,1039.3 1 0
github.com/tokendancelab/metapi-go/platform/sub2api.go:1040.2,1040.46 1 0
github.com/tokendancelab/metapi-go/platform/sub2api.go:1040.46,1042.3 1 0
github.com/tokendancelab/metapi-go/platform/sub2api.go:1043.2,1043.47 1 0
github.com/tokendancelab/metapi-go/platform/sub2api.go:1043.47,1045.3 1 0
github.com/tokendancelab/metapi-go/platform/sub2api.go:1046.2,1046.21 1 0
github.com/tokendancelab/metapi-go/platform/sub2api.go:1046.21,1047.51 1 0
github.com/tokendancelab/metapi-go/platform/sub2api.go:1047.51,1049.4 1 0
github.com/tokendancelab/metapi-go/platform/sub2api.go:1050.3,1050.52 1 0
github.com/tokendancelab/metapi-go/platform/sub2api.go:1050.52,1052.4 1 0
github.com/tokendancelab/metapi-go/platform/sub2api.go:1054.2,1054.34 1 0
github.com/tokendancelab/metapi-go/platform/sub2api.go:1054.34,1056.3 1 0
github.com/tokendancelab/metapi-go/platform/sub2api.go:1058.2,1058.48 1 0
github.com/tokendancelab/metapi-go/platform/sub2api.go:1058.48,1060.3 1 0
github.com/tokendancelab/metapi-go/platform/sub2api.go:1063.2,1075.21 2 0
github.com/tokendancelab/metapi-go/platform/sub2api.go:1075.21,1077.3 1 0
github.com/tokendancelab/metapi-go/platform/sub2api.go:1080.2,1080.111 1 0
github.com/tokendancelab/metapi-go/platform/sub2api.go:1080.111,1082.3 1 0
github.com/tokendancelab/metapi-go/platform/sub2api.go:1083.2,1083.113 1 0
github.com/tokendancelab/metapi-go/platform/sub2api.go:1083.113,1085.3 1 0
github.com/tokendancelab/metapi-go/platform/sub2api.go:1088.2,1088.113 1 0
github.com/tokendancelab/metapi-go/platform/sub2api.go:1088.113,1090.3 1 0
github.com/tokendancelab/metapi-go/platform/sub2api.go:1091.2,1091.115 1 0
github.com/tokendancelab/metapi-go/platform/sub2api.go:1091.115,1093.3 1 0
github.com/tokendancelab/metapi-go/platform/sub2api.go:1096.2,1100.14 1 0
github.com/tokendancelab/metapi-go/platform/sub2api.go:1100.14,1102.3 1 0
github.com/tokendancelab/metapi-go/platform/sub2api.go:1103.2,1107.14 1 0
github.com/tokendancelab/metapi-go/platform/sub2api.go:1107.14,1109.3 1 0
github.com/tokendancelab/metapi-go/platform/sub2api.go:1112.2,1114.64 1 0
github.com/tokendancelab/metapi-go/platform/sub2api.go:1114.64,1116.3 1 0
github.com/tokendancelab/metapi-go/platform/sub2api.go:1118.2,1118.17 1 0
github.com/tokendancelab/metapi-go/platform/sub2api.go:1121.86,1123.2 1 0
github.com/tokendancelab/metapi-go/platform/sub2api.go:1125.87,1127.14 2 0
github.com/tokendancelab/metapi-go/platform/sub2api.go:1127.14,1129.3 1 0
github.com/tokendancelab/metapi-go/platform/sub2api.go:1130.2,1130.25 1 0
github.com/tokendancelab/metapi-go/platform/sub2api.go:1131.14,1132.32 1 0
github.com/tokendancelab/metapi-go/platform/sub2api.go:1133.15,1134.32 1 0
github.com/tokendancelab/metapi-go/platform/sub2api.go:1136.2,1136.11 1 0
github.com/tokendancelab/metapi-go/platform/sub2api.go:1139.81,1140.27 1 0
github.com/tokendancelab/metapi-go/platform/sub2api.go:1140.27,1141.15 1 0
github.com/tokendancelab/metapi-go/platform/sub2api.go:1141.15,1142.12 1 0
github.com/tokendancelab/metapi-go/platform/sub2api.go:1144.3,1144.26 1 0
github.com/tokendancelab/metapi-go/platform/sub2api.go:1145.16,1146.16 1 0
github.com/tokendancelab/metapi-go/platform/sub2api.go:1146.16,1149.5 2 0
github.com/tokendancelab/metapi-go/platform/sub2api.go:1150.15,1152.21 2 0
github.com/tokendancelab/metapi-go/platform/sub2api.go:1152.21,1153.13 1 0
github.com/tokendancelab/metapi-go/platform/sub2api.go:1156.4,1157.69 2 0
github.com/tokendancelab/metapi-go/platform/sub2api.go:1157.69,1160.5 2 0
github.com/tokendancelab/metapi-go/platform/sub2api.go:1163.2,1163.12 1 0
github.com/tokendancelab/metapi-go/platform/sub2api.go:1166.65,1167.27 1 0
github.com/tokendancelab/metapi-go/platform/sub2api.go:1167.27,1169.14 2 0
github.com/tokendancelab/metapi-go/platform/sub2api.go:1169.14,1170.12 1 0
github.com/tokendancelab/metapi-go/platform/sub2api.go:1174.3,1175.73 2 0
github.com/tokendancelab/metapi-go/platform/sub2api.go:1175.73,1177.27 2 0
github.com/tokendancelab/metapi-go/platform/sub2api.go:1177.27,1179.5 1 0
github.com/tokendancelab/metapi-go/platform/sub2api.go:1180.4,1180.57 1 0
github.com/tokendancelab/metapi-go/platform/sub2api.go:1184.3,1185.17 2 0
github.com/tokendancelab/metapi-go/platform/sub2api.go:1185.17,1187.4 1 0
github.com/tokendancelab/metapi-go/platform/sub2api.go:1189.2,1189.11 1 0
github.com/tokendancelab/metapi-go/platform/sub2api.go:1192.44,1194.15 2 1
github.com/tokendancelab/metapi-go/platform/sub2api.go:1194.15,1196.3 1 1
github.com/tokendancelab/metapi-go/platform/sub2api.go:1197.2,1199.16 3 1
github.com/tokendancelab/metapi-go/platform/veloera.go:15.13,17.2 1 1
github.com/tokendancelab/metapi-go/platform/veloera.go:20.80,22.16 2 1
github.com/tokendancelab/metapi-go/platform/veloera.go:22.16,24.3 1 1
github.com/tokendancelab/metapi-go/platform/veloera.go:26.2,27.14 2 0
github.com/tokendancelab/metapi-go/platform/veloera.go:27.14,29.3 1 0
github.com/tokendancelab/metapi-go/platform/veloera.go:31.2,32.9 2 0
github.com/tokendancelab/metapi-go/platform/veloera.go:32.9,34.3 1 0
github.com/tokendancelab/metapi-go/platform/veloera.go:36.2,41.93 5 0
github.com/tokendancelab/metapi-go/platform/veloera.go:45.72,49.19 2 1
github.com/tokendancelab/metapi-go/platform/veloera.go:49.19,54.3 4 1
github.com/tokendancelab/metapi-go/platform/veloera.go:55.2,55.16 1 1
github.com/tokendancelab/metapi-go/platform/veloera.go:59.149,62.16 3 1
github.com/tokendancelab/metapi-go/platform/veloera.go:62.16,64.3 1 1
github.com/tokendancelab/metapi-go/platform/veloera.go:66.2,67.13 2 0
github.com/tokendancelab/metapi-go/platform/veloera.go:67.13,69.16 2 0
github.com/tokendancelab/metapi-go/platform/veloera.go:69.16,71.4 1 0
github.com/tokendancelab/metapi-go/platform/veloera.go:72.3,73.43 2 0
github.com/tokendancelab/metapi-go/platform/veloera.go:73.43,74.35 1 0
github.com/tokendancelab/metapi-go/platform/veloera.go:74.35,76.5 1 0
github.com/tokendancelab/metapi-go/platform/veloera.go:78.3,78.74 1 0
github.com/tokendancelab/metapi-go/platform/veloera.go:81.2,82.15 2 0
github.com/tokendancelab/metapi-go/platform/veloera.go:82.15,84.3 1 0
github.com/tokendancelab/metapi-go/platform/veloera.go:85.2,85.58 1 0
github.com/tokendancelab/metapi-go/platform/veloera.go:89.150,92.16 3 1
github.com/tokendancelab/metapi-go/platform/veloera.go:92.16,94.3 1 1
github.com/tokendancelab/metapi-go/platform/veloera.go:96.2,97.9 2 0
github.com/tokendancelab/metapi-go/platform/veloera.go:97.9,99.3 1 0
github.com/tokendancelab/metapi-go/platform/veloera.go:101.2,108.49 7 0
github.com/tokendancelab/metapi-go/platform/veloera.go:108.49,111.3 2 0
github.com/tokendancelab/metapi-go/platform/veloera.go:112.2,113.60 2 0
github.com/tokendancelab/metapi-go/platform/veloera.go:113.60,116.3 2 0
github.com/tokendancelab/metapi-go/platform/veloera.go:118.2,124.8 1 0
github.com/tokendancelab/metapi-go/platform/veloera.go:128.149,131.16 3 1
github.com/tokendancelab/metapi-go/platform/veloera.go:131.16,133.3 1 1
github.com/tokendancelab/metapi-go/platform/veloera.go:135.2,136.9 2 0
github.com/tokendancelab/metapi-go/platform/veloera.go:136.9,138.3 1 0
github.com/tokendancelab/metapi-go/platform/veloera.go:140.2,141.28 2 0
github.com/tokendancelab/metapi-go/platform/veloera.go:141.28,142.49 1 0
github.com/tokendancelab/metapi-go/platform/veloera.go:142.49,143.69 1 0
github.com/tokendancelab/metapi-go/platform/veloera.go:143.69,145.5 1 0
github.com/tokendancelab/metapi-go/platform/veloera.go:148.2,148.20 1 0
